{"/home/travis/build/npmtest/node-npmtest-hystrixjs/test.js":{"path":"/home/travis/build/npmtest/node-npmtest-hystrixjs/test.js","s":{"1":2,"2":2,"3":2,"4":2,"5":2,"6":2,"7":2,"8":1,"9":2,"10":2,"11":1,"12":1,"13":1,"14":1,"15":2,"16":2,"17":2,"18":2,"19":1,"20":1,"21":2,"22":2,"23":2,"24":1,"25":1,"26":1,"27":1,"28":1,"29":1,"30":1,"31":1,"32":1,"33":1,"34":1,"35":1,"36":1,"37":1,"38":1,"39":2,"40":2,"41":1,"42":2,"43":2,"44":1,"45":2,"46":2,"47":1,"48":2,"49":2,"50":1,"51":1,"52":1,"53":1,"54":1},"b":{"1":[2,1,1,1],"2":[1,1,1,1],"3":[1,1],"4":[1,1],"5":[1,1],"6":[1,1],"7":[1,1],"8":[1,1],"9":[1,1],"10":[1,1,1],"11":[1,1],"12":[1,1],"13":[1,1],"14":[1,1],"15":[1,1],"16":[1,1],"17":[1,1]},"f":{"1":2,"2":2,"3":2,"4":2,"5":2,"6":1,"7":1,"8":1,"9":2,"10":2,"11":2,"12":2,"13":1},"fnMap":{"1":{"name":"(anonymous_1)","line":12,"loc":{"start":{"line":12,"column":1},"end":{"line":12,"column":13}}},"2":{"name":"(anonymous_2)","line":19,"loc":{"start":{"line":19,"column":5},"end":{"line":19,"column":17}}},"3":{"name":"(anonymous_3)","line":23,"loc":{"start":{"line":23,"column":24},"end":{"line":23,"column":36}}},"4":{"name":"(anonymous_4)","line":61,"loc":{"start":{"line":61,"column":5},"end":{"line":61,"column":17}}},"5":{"name":"(anonymous_5)","line":82,"loc":{"start":{"line":82,"column":5},"end":{"line":82,"column":17}}},"6":{"name":"(anonymous_6)","line":91,"loc":{"start":{"line":91,"column":77},"end":{"line":94,"column":10}}},"7":{"name":"(anonymous_7)","line":112,"loc":{"start":{"line":112,"column":83},"end":{"line":115,"column":10}},"skip":true},"8":{"name":"(anonymous_8)","line":123,"loc":{"start":{"line":123,"column":77},"end":{"line":126,"column":10}},"skip":true},"9":{"name":"(anonymous_9)","line":139,"loc":{"start":{"line":139,"column":12},"end":{"line":139,"column":40}},"skip":true},"10":{"name":"(anonymous_10)","line":147,"loc":{"start":{"line":147,"column":77},"end":{"line":150,"column":10}},"skip":true},"11":{"name":"(anonymous_11)","line":158,"loc":{"start":{"line":158,"column":83},"end":{"line":161,"column":10}},"skip":true},"12":{"name":"(anonymous_12)","line":169,"loc":{"start":{"line":169,"column":79},"end":{"line":172,"column":10}},"skip":true},"13":{"name":"(anonymous_13)","line":180,"loc":{"start":{"line":180,"column":75},"end":{"line":183,"column":10}},"skip":true}},"statementMap":{"1":{"start":{"line":12,"column":0},"end":{"line":195,"column":5}},"2":{"start":{"line":14,"column":4},"end":{"line":14,"column":14}},"3":{"start":{"line":19,"column":4},"end":{"line":56,"column":9}},"4":{"start":{"line":21,"column":8},"end":{"line":21,"column":19}},"5":{"start":{"line":23,"column":8},"end":{"line":35,"column":13}},"6":{"start":{"line":24,"column":12},"end":{"line":34,"column":13}},"7":{"start":{"line":25,"column":16},"end":{"line":28,"column":30}},"8":{"start":{"line":30,"column":16},"end":{"line":33,"column":27}},"9":{"start":{"line":37,"column":8},"end":{"line":39,"column":21}},"10":{"start":{"line":40,"column":8},"end":{"line":53,"column":9}},"11":{"start":{"line":43,"column":12},"end":{"line":46,"column":14}},"12":{"start":{"line":47,"column":12},"end":{"line":47,"column":18}},"13":{"start":{"line":50,"column":12},"end":{"line":51,"column":46}},"14":{"start":{"line":52,"column":12},"end":{"line":52,"column":18}},"15":{"start":{"line":55,"column":8},"end":{"line":55,"column":35}},"16":{"start":{"line":61,"column":4},"end":{"line":63,"column":9}},"17":{"start":{"line":62,"column":8},"end":{"line":62,"column":15}},"18":{"start":{"line":64,"column":4},"end":{"line":77,"column":5}},"19":{"start":{"line":70,"column":8},"end":{"line":70,"column":14}},"20":{"start":{"line":76,"column":8},"end":{"line":76,"column":14}},"21":{"start":{"line":82,"column":4},"end":{"line":84,"column":9}},"22":{"start":{"line":83,"column":8},"end":{"line":83,"column":15}},"23":{"start":{"line":85,"column":4},"end":{"line":194,"column":5}},"24":{"start":{"line":91,"column":8},"end":{"line":99,"column":10}},"25":{"start":{"line":98,"column":12},"end":{"line":98,"column":35}},"26":{"start":{"line":102,"column":8},"end":{"line":104,"column":63}},"27":{"start":{"line":105,"column":8},"end":{"line":105,"column":14}},"28":{"start":{"line":112,"column":8},"end":{"line":121,"column":10},"skip":true},"29":{"start":{"line":119,"column":12},"end":{"line":119,"column":55},"skip":true},"30":{"start":{"line":120,"column":12},"end":{"line":120,"column":48},"skip":true},"31":{"start":{"line":123,"column":8},"end":{"line":136,"column":10},"skip":true},"32":{"start":{"line":130,"column":12},"end":{"line":130,"column":76},"skip":true},"33":{"start":{"line":131,"column":12},"end":{"line":131,"column":73},"skip":true},"34":{"start":{"line":132,"column":12},"end":{"line":132,"column":74},"skip":true},"35":{"start":{"line":133,"column":12},"end":{"line":133,"column":79},"skip":true},"36":{"start":{"line":134,"column":12},"end":{"line":134,"column":25},"skip":true},"37":{"start":{"line":135,"column":12},"end":{"line":135,"column":45},"skip":true},"38":{"start":{"line":138,"column":8},"end":{"line":145,"column":14},"skip":true},"39":{"start":{"line":143,"column":16},"end":{"line":143,"column":29},"skip":true},"40":{"start":{"line":144,"column":16},"end":{"line":144,"column":55},"skip":true},"41":{"start":{"line":147,"column":8},"end":{"line":156,"column":10},"skip":true},"42":{"start":{"line":154,"column":12},"end":{"line":154,"column":25},"skip":true},"43":{"start":{"line":155,"column":12},"end":{"line":155,"column":45},"skip":true},"44":{"start":{"line":158,"column":8},"end":{"line":167,"column":10},"skip":true},"45":{"start":{"line":165,"column":12},"end":{"line":165,"column":25},"skip":true},"46":{"start":{"line":166,"column":12},"end":{"line":166,"column":48},"skip":true},"47":{"start":{"line":169,"column":8},"end":{"line":178,"column":10},"skip":true},"48":{"start":{"line":176,"column":12},"end":{"line":176,"column":25},"skip":true},"49":{"start":{"line":177,"column":12},"end":{"line":177,"column":46},"skip":true},"50":{"start":{"line":180,"column":8},"end":{"line":189,"column":10},"skip":true},"51":{"start":{"line":187,"column":12},"end":{"line":187,"column":94},"skip":true},"52":{"start":{"line":188,"column":12},"end":{"line":188,"column":48},"skip":true},"53":{"start":{"line":192,"column":8},"end":{"line":192,"column":35},"skip":true},"54":{"start":{"line":193,"column":8},"end":{"line":193,"column":14},"skip":true}},"branchMap":{"1":{"line":25,"type":"binary-expr","locations":[{"start":{"line":25,"column":23},"end":{"line":25,"column":62}},{"start":{"line":26,"column":20},"end":{"line":26,"column":70}},{"start":{"line":27,"column":20},"end":{"line":27,"column":71}},{"start":{"line":28,"column":20},"end":{"line":28,"column":29}}]},"2":{"line":30,"type":"binary-expr","locations":[{"start":{"line":30,"column":23},"end":{"line":30,"column":37}},{"start":{"line":31,"column":20},"end":{"line":31,"column":61}},{"start":{"line":32,"column":20},"end":{"line":32,"column":70}},{"start":{"line":33,"column":20},"end":{"line":33,"column":26}}]},"3":{"line":37,"type":"cond-expr","locations":[{"start":{"line":38,"column":14},"end":{"line":38,"column":20}},{"start":{"line":39,"column":14},"end":{"line":39,"column":20}}]},"4":{"line":40,"type":"switch","locations":[{"start":{"line":42,"column":8},"end":{"line":47,"column":18}},{"start":{"line":49,"column":8},"end":{"line":52,"column":18}}]},"5":{"line":44,"type":"binary-expr","locations":[{"start":{"line":44,"column":16},"end":{"line":44,"column":44}},{"start":{"line":44,"column":48},"end":{"line":44,"column":66}}]},"6":{"line":50,"type":"binary-expr","locations":[{"start":{"line":50,"column":21},"end":{"line":50,"column":49}},{"start":{"line":50,"column":53},"end":{"line":50,"column":72}}]},"7":{"line":64,"type":"switch","locations":[{"start":{"line":69,"column":4},"end":{"line":70,"column":14}},{"start":{"line":75,"column":4},"end":{"line":76,"column":14}}]},"8":{"line":85,"type":"switch","locations":[{"start":{"line":90,"column":4},"end":{"line":105,"column":14}},{"start":{"line":111,"column":4},"end":{"line":193,"column":14},"skip":true}]},"9":{"line":91,"type":"binary-expr","locations":[{"start":{"line":91,"column":42},"end":{"line":91,"column":73}},{"start":{"line":91,"column":77},"end":{"line":99,"column":9}}]},"10":{"line":102,"type":"binary-expr","locations":[{"start":{"line":102,"column":18},"end":{"line":102,"column":32}},{"start":{"line":103,"column":12},"end":{"line":103,"column":53}},{"start":{"line":104,"column":12},"end":{"line":104,"column":61}}]},"11":{"line":112,"type":"binary-expr","locations":[{"start":{"line":112,"column":45},"end":{"line":112,"column":79},"skip":true},{"start":{"line":112,"column":83},"end":{"line":121,"column":9},"skip":true}]},"12":{"line":123,"type":"binary-expr","locations":[{"start":{"line":123,"column":42},"end":{"line":123,"column":73},"skip":true},{"start":{"line":123,"column":77},"end":{"line":136,"column":9},"skip":true}]},"13":{"line":138,"type":"binary-expr","locations":[{"start":{"line":138,"column":48},"end":{"line":138,"column":85},"skip":true},{"start":{"line":139,"column":12},"end":{"line":145,"column":13},"skip":true}]},"14":{"line":147,"type":"binary-expr","locations":[{"start":{"line":147,"column":42},"end":{"line":147,"column":73},"skip":true},{"start":{"line":147,"column":77},"end":{"line":156,"column":9},"skip":true}]},"15":{"line":158,"type":"binary-expr","locations":[{"start":{"line":158,"column":45},"end":{"line":158,"column":79},"skip":true},{"start":{"line":158,"column":83},"end":{"line":167,"column":9},"skip":true}]},"16":{"line":169,"type":"binary-expr","locations":[{"start":{"line":169,"column":43},"end":{"line":169,"column":75},"skip":true},{"start":{"line":169,"column":79},"end":{"line":178,"column":9},"skip":true}]},"17":{"line":180,"type":"binary-expr","locations":[{"start":{"line":180,"column":41},"end":{"line":180,"column":71},"skip":true},{"start":{"line":180,"column":75},"end":{"line":189,"column":9},"skip":true}]}},"code":["/* istanbul instrument in package npmtest_hystrixjs */","/*jslint","    bitwise: true,","    browser: true,","    maxerr: 8,","    maxlen: 96,","    node: true,","    nomen: true,","    regexp: true,","    stupid: true","*/","(function () {","    'use strict';","    var local;","","","","    // run shared js-env code - pre-init","    (function () {","        // init local","        local = {};","        // init modeJs","        local.modeJs = (function () {","            try {","                return typeof navigator.userAgent === 'string' &&","                    typeof document.querySelector('body') === 'object' &&","                    typeof XMLHttpRequest.prototype.open === 'function' &&","                    'browser';","            } catch (errorCaughtBrowser) {","                return module.exports &&","                    typeof process.versions.node === 'string' &&","                    typeof require('http').createServer === 'function' &&","                    'node';","            }","        }());","        // init global","        local.global = local.modeJs === 'browser'","            ? window","            : global;","        switch (local.modeJs) {","        // re-init local from window.local","        case 'browser':","            local = local.global.utility2.objectSetDefault(","                local.global.utility2_rollup || local.global.local,","                local.global.utility2","            );","            break;","        // re-init local from example.js","        case 'node':","            local = (local.global.utility2_rollup || require('utility2'))","                .requireExampleJsFromReadme();","            break;","        }","        // export local","        local.global.local = local;","    }());","","","","    // run shared js-env code - function","    (function () {","        return;","    }());","    switch (local.modeJs) {","","","","    // run browser js-env code - function","    case 'browser':","        break;","","","","    // run node js-env code - function","    case 'node':","        break;","    }","","","","    // run shared js-env code - post-init","    (function () {","        return;","    }());","    switch (local.modeJs) {","","","","    // run browser js-env code - post-init","    case 'browser':","        local.testCase_browser_nullCase = local.testCase_browser_nullCase || function (","            options,","            onError","        ) {","        /*","         * this function will test browsers's null-case handling-behavior-behavior","         */","            onError(null, options);","        };","","        // run tests","        local.nop(local.modeTest &&","            document.querySelector('#testRunButton1') &&","            document.querySelector('#testRunButton1').click());","        break;","","","","    // run node js-env code - post-init","    /* istanbul ignore next */","    case 'node':","        local.testCase_buildApidoc_default = local.testCase_buildApidoc_default || function (","            options,","            onError","        ) {","        /*","         * this function will test buildApidoc's default handling-behavior-behavior","         */","            options = { modulePathList: module.paths };","            local.buildApidoc(options, onError);","        };","","        local.testCase_buildApp_default = local.testCase_buildApp_default || function (","            options,","            onError","        ) {","        /*","         * this function will test buildApp's default handling-behavior-behavior","         */","            local.testCase_buildReadme_default(options, local.onErrorThrow);","            local.testCase_buildLib_default(options, local.onErrorThrow);","            local.testCase_buildTest_default(options, local.onErrorThrow);","            local.testCase_buildCustomOrg_default(options, local.onErrorThrow);","            options = [];","            local.buildApp(options, onError);","        };","","        local.testCase_buildCustomOrg_default = local.testCase_buildCustomOrg_default ||","            function (options, onError) {","            /*","             * this function will test buildCustomOrg's default handling-behavior","             */","                options = {};","                local.buildCustomOrg(options, onError);","            };","","        local.testCase_buildLib_default = local.testCase_buildLib_default || function (","            options,","            onError","        ) {","        /*","         * this function will test buildLib's default handling-behavior","         */","            options = {};","            local.buildLib(options, onError);","        };","","        local.testCase_buildReadme_default = local.testCase_buildReadme_default || function (","            options,","            onError","        ) {","        /*","         * this function will test buildReadme's default handling-behavior-behavior","         */","            options = {};","            local.buildReadme(options, onError);","        };","","        local.testCase_buildTest_default = local.testCase_buildTest_default || function (","            options,","            onError","        ) {","        /*","         * this function will test buildTest's default handling-behavior","         */","            options = {};","            local.buildTest(options, onError);","        };","","        local.testCase_webpage_default = local.testCase_webpage_default || function (","            options,","            onError","        ) {","        /*","         * this function will test webpage's default handling-behavior","         */","            options = { modeCoverageMerge: true, url: local.serverLocalHost + '?modeTest=1' };","            local.browserTest(options, onError);","        };","","        // run test-server","        local.testRunServer(local);","        break;","    }","}());",""],"l":{"12":2,"14":2,"19":2,"21":2,"23":2,"24":2,"25":2,"30":1,"37":2,"40":2,"43":1,"47":1,"50":1,"52":1,"55":2,"61":2,"62":2,"64":2,"70":1,"76":1,"82":2,"83":2,"85":2,"91":1,"98":1,"102":1,"105":1,"112":1,"119":1,"120":1,"123":1,"130":1,"131":1,"132":1,"133":1,"134":1,"135":1,"138":1,"143":2,"144":2,"147":1,"154":2,"155":2,"158":1,"165":2,"166":2,"169":1,"176":2,"177":2,"180":1,"187":1,"188":1,"192":1,"193":1}},"/home/travis/build/npmtest/node-npmtest-hystrixjs/lib.npmtest_hystrixjs.js":{"path":"/home/travis/build/npmtest/node-npmtest-hystrixjs/lib.npmtest_hystrixjs.js","s":{"1":2,"2":2,"3":2,"4":2,"5":2,"6":2,"7":2,"8":1,"9":2,"10":2,"11":2,"12":2,"13":1,"14":1,"15":1,"16":1},"b":{"1":[2,1,1,1],"2":[1,1,1,1],"3":[1,1],"4":[2,2],"5":[1,1]},"f":{"1":2,"2":2,"3":2},"fnMap":{"1":{"name":"(anonymous_1)","line":12,"loc":{"start":{"line":12,"column":1},"end":{"line":12,"column":13}}},"2":{"name":"(anonymous_2)","line":19,"loc":{"start":{"line":19,"column":5},"end":{"line":19,"column":17}}},"3":{"name":"(anonymous_3)","line":23,"loc":{"start":{"line":23,"column":24},"end":{"line":23,"column":36}}}},"statementMap":{"1":{"start":{"line":12,"column":0},"end":{"line":53,"column":5}},"2":{"start":{"line":14,"column":4},"end":{"line":14,"column":14}},"3":{"start":{"line":19,"column":4},"end":{"line":52,"column":9}},"4":{"start":{"line":21,"column":8},"end":{"line":21,"column":19}},"5":{"start":{"line":23,"column":8},"end":{"line":35,"column":13}},"6":{"start":{"line":24,"column":12},"end":{"line":34,"column":13}},"7":{"start":{"line":25,"column":16},"end":{"line":28,"column":30}},"8":{"start":{"line":30,"column":16},"end":{"line":33,"column":27}},"9":{"start":{"line":37,"column":8},"end":{"line":39,"column":21}},"10":{"start":{"line":41,"column":8},"end":{"line":41,"column":54}},"11":{"start":{"line":43,"column":8},"end":{"line":43,"column":54}},"12":{"start":{"line":45,"column":8},"end":{"line":51,"column":9}},"13":{"start":{"line":46,"column":12},"end":{"line":46,"column":60}},"14":{"start":{"line":48,"column":12},"end":{"line":48,"column":35}},"15":{"start":{"line":49,"column":12},"end":{"line":49,"column":49}},"16":{"start":{"line":50,"column":12},"end":{"line":50,"column":43}}},"branchMap":{"1":{"line":25,"type":"binary-expr","locations":[{"start":{"line":25,"column":23},"end":{"line":25,"column":62}},{"start":{"line":26,"column":20},"end":{"line":26,"column":70}},{"start":{"line":27,"column":20},"end":{"line":27,"column":71}},{"start":{"line":28,"column":20},"end":{"line":28,"column":29}}]},"2":{"line":30,"type":"binary-expr","locations":[{"start":{"line":30,"column":23},"end":{"line":30,"column":37}},{"start":{"line":31,"column":20},"end":{"line":31,"column":61}},{"start":{"line":32,"column":20},"end":{"line":32,"column":70}},{"start":{"line":33,"column":20},"end":{"line":33,"column":26}}]},"3":{"line":37,"type":"cond-expr","locations":[{"start":{"line":38,"column":14},"end":{"line":38,"column":20}},{"start":{"line":39,"column":14},"end":{"line":39,"column":20}}]},"4":{"line":41,"type":"binary-expr","locations":[{"start":{"line":41,"column":16},"end":{"line":41,"column":44}},{"start":{"line":41,"column":48},"end":{"line":41,"column":53}}]},"5":{"line":45,"type":"if","locations":[{"start":{"line":45,"column":8},"end":{"line":45,"column":8}},{"start":{"line":45,"column":8},"end":{"line":45,"column":8}}]}},"code":["/* istanbul instrument in package npmtest_hystrixjs */","/*jslint","    bitwise: true,","    browser: true,","    maxerr: 8,","    maxlen: 96,","    node: true,","    nomen: true,","    regexp: true,","    stupid: true","*/","(function () {","    'use strict';","    var local;","","","","    // run shared js-env code - pre-init","    (function () {","        // init local","        local = {};","        // init modeJs","        local.modeJs = (function () {","            try {","                return typeof navigator.userAgent === 'string' &&","                    typeof document.querySelector('body') === 'object' &&","                    typeof XMLHttpRequest.prototype.open === 'function' &&","                    'browser';","            } catch (errorCaughtBrowser) {","                return module.exports &&","                    typeof process.versions.node === 'string' &&","                    typeof require('http').createServer === 'function' &&","                    'node';","            }","        }());","        // init global","        local.global = local.modeJs === 'browser'","            ? window","            : global;","        // init utility2_rollup","        local = local.global.utility2_rollup || local;","        // init lib","        local.local = local.npmtest_hystrixjs = local;","        // init exports","        if (local.modeJs === 'browser') {","            local.global.utility2_npmtest_hystrixjs = local;","        } else {","            module.exports = local;","            module.exports.__dirname = __dirname;","            module.exports.module = module;","        }","    }());","}());",""],"l":{"12":2,"14":2,"19":2,"21":2,"23":2,"24":2,"25":2,"30":1,"37":2,"41":2,"43":2,"45":2,"46":1,"48":1,"49":1,"50":1}},"/home/travis/build/npmtest/node-npmtest-hystrixjs/example.js":{"path":"/home/travis/build/npmtest/node-npmtest-hystrixjs/example.js","s":{"1":2,"2":2,"3":2,"4":2,"5":2,"6":2,"7":2,"8":1,"9":2,"10":2,"11":2,"12":2,"13":1,"14":2,"15":2,"16":2,"17":2,"18":2,"19":0,"20":2,"21":1,"22":1,"23":1,"24":1,"25":1,"26":0,"27":0,"28":1,"29":1,"30":2,"31":0,"32":0,"33":0,"34":1,"35":2,"36":2,"37":3,"38":3,"39":3,"40":3,"41":0,"42":3,"43":3,"44":3,"45":1,"46":3,"47":1,"48":1,"49":1,"50":1,"51":1,"52":1,"53":1,"54":1,"55":1,"56":1,"57":0,"58":1,"59":6,"60":6,"61":1,"62":2,"63":0,"64":2,"65":1,"66":1,"67":0,"68":0,"69":0,"70":0,"71":0,"72":0,"73":0,"74":0,"75":0,"76":0,"77":0,"78":0,"79":0,"80":0,"81":0,"82":0,"83":0},"b":{"1":[2,1,1,1],"2":[1,1,1,1],"3":[1,1],"4":[2,2],"5":[1,1],"6":[1,1],"7":[2,0],"8":[2,1,1,1,1,1],"9":[0,2,0],"10":[1,1],"11":[2,1,1],"12":[1,0],"13":[0,2],"14":[2,0,0,0,0,0,0],"15":[0,3],"16":[3,0],"17":[1,1],"18":[0,1],"19":[1,2,0,2],"20":[1,0],"21":[1,1],"22":[0,0],"23":[0,0],"24":[0,0],"25":[0,0],"26":[0,0],"27":[0,0],"28":[0,0]},"f":{"1":2,"2":2,"3":2,"4":2,"5":2,"6":2,"7":3,"8":3,"9":3,"10":1,"11":6,"12":0},"fnMap":{"1":{"name":"(anonymous_1)","line":26,"loc":{"start":{"line":26,"column":1},"end":{"line":26,"column":13}}},"2":{"name":"(anonymous_2)","line":33,"loc":{"start":{"line":33,"column":5},"end":{"line":33,"column":17}}},"3":{"name":"(anonymous_3)","line":37,"loc":{"start":{"line":37,"column":24},"end":{"line":37,"column":36}}},"4":{"name":"(anonymous_4)","line":69,"loc":{"start":{"line":69,"column":31},"end":{"line":69,"column":48}},"skip":true},"5":{"name":"(anonymous_5)","line":78,"loc":{"start":{"line":78,"column":26},"end":{"line":78,"column":45}},"skip":true},"6":{"name":"(anonymous_6)","line":123,"loc":{"start":{"line":123,"column":33},"end":{"line":123,"column":48}},"skip":true},"7":{"name":"(anonymous_7)","line":125,"loc":{"start":{"line":125,"column":27},"end":{"line":125,"column":39}},"skip":true},"8":{"name":"(anonymous_8)","line":133,"loc":{"start":{"line":133,"column":59},"end":{"line":133,"column":74}},"skip":true},"9":{"name":"(anonymous_9)","line":143,"loc":{"start":{"line":143,"column":45},"end":{"line":143,"column":62}},"skip":true},"10":{"name":"(anonymous_10)","line":144,"loc":{"start":{"line":144,"column":73},"end":{"line":144,"column":92}},"skip":true},"11":{"name":"(anonymous_11)","line":272,"loc":{"start":{"line":272,"column":51},"end":{"line":272,"column":77}},"skip":true},"12":{"name":"(anonymous_12)","line":315,"loc":{"start":{"line":315,"column":32},"end":{"line":315,"column":61}},"skip":true}},"statementMap":{"1":{"start":{"line":26,"column":0},"end":{"line":326,"column":5}},"2":{"start":{"line":28,"column":4},"end":{"line":28,"column":14}},"3":{"start":{"line":33,"column":4},"end":{"line":60,"column":9}},"4":{"start":{"line":35,"column":8},"end":{"line":35,"column":19}},"5":{"start":{"line":37,"column":8},"end":{"line":49,"column":13}},"6":{"start":{"line":38,"column":12},"end":{"line":48,"column":13}},"7":{"start":{"line":39,"column":16},"end":{"line":42,"column":30}},"8":{"start":{"line":44,"column":16},"end":{"line":47,"column":27}},"9":{"start":{"line":51,"column":8},"end":{"line":53,"column":21}},"10":{"start":{"line":55,"column":8},"end":{"line":57,"column":45}},"11":{"start":{"line":59,"column":8},"end":{"line":59,"column":35}},"12":{"start":{"line":61,"column":4},"end":{"line":325,"column":5}},"13":{"start":{"line":69,"column":8},"end":{"line":121,"column":10},"skip":true},"14":{"start":{"line":70,"column":12},"end":{"line":88,"column":13},"skip":true},"15":{"start":{"line":76,"column":16},"end":{"line":87,"column":19},"skip":true},"16":{"start":{"line":79,"column":20},"end":{"line":86,"column":21},"skip":true},"17":{"start":{"line":82,"column":24},"end":{"line":82,"column":43},"skip":true},"18":{"start":{"line":83,"column":24},"end":{"line":83,"column":30},"skip":true},"19":{"start":{"line":85,"column":24},"end":{"line":85,"column":49},"skip":true},"20":{"start":{"line":89,"column":12},"end":{"line":107,"column":13},"skip":true},"21":{"start":{"line":92,"column":16},"end":{"line":102,"column":17},"skip":true},"22":{"start":{"line":93,"column":20},"end":{"line":93,"column":86},"skip":true},"23":{"start":{"line":94,"column":20},"end":{"line":95,"column":45},"skip":true},"24":{"start":{"line":96,"column":20},"end":{"line":96,"column":42},"skip":true},"25":{"start":{"line":97,"column":20},"end":{"line":97,"column":48},"skip":true},"26":{"start":{"line":100,"column":20},"end":{"line":100,"column":85},"skip":true},"27":{"start":{"line":101,"column":20},"end":{"line":101,"column":96},"skip":true},"28":{"start":{"line":103,"column":16},"end":{"line":103,"column":22},"skip":true},"29":{"start":{"line":106,"column":16},"end":{"line":106,"column":22},"skip":true},"30":{"start":{"line":108,"column":12},"end":{"line":120,"column":13},"skip":true},"31":{"start":{"line":114,"column":16},"end":{"line":119,"column":17},"skip":true},"32":{"start":{"line":116,"column":20},"end":{"line":116,"column":78},"skip":true},"33":{"start":{"line":118,"column":20},"end":{"line":118,"column":47},"skip":true},"34":{"start":{"line":123,"column":8},"end":{"line":141,"column":11},"skip":true},"35":{"start":{"line":124,"column":12},"end":{"line":124,"column":54},"skip":true},"36":{"start":{"line":125,"column":12},"end":{"line":140,"column":14},"skip":true},"37":{"start":{"line":126,"column":16},"end":{"line":126,"column":28},"skip":true},"38":{"start":{"line":127,"column":16},"end":{"line":127,"column":69},"skip":true},"39":{"start":{"line":128,"column":16},"end":{"line":128,"column":75},"skip":true},"40":{"start":{"line":129,"column":16},"end":{"line":131,"column":17},"skip":true},"41":{"start":{"line":130,"column":20},"end":{"line":130,"column":27},"skip":true},"42":{"start":{"line":133,"column":16},"end":{"line":137,"column":36},"skip":true},"43":{"start":{"line":134,"column":20},"end":{"line":136,"column":55},"skip":true},"44":{"start":{"line":139,"column":16},"end":{"line":139,"column":57},"skip":true},"45":{"start":{"line":143,"column":8},"end":{"line":147,"column":11},"skip":true},"46":{"start":{"line":144,"column":12},"end":{"line":146,"column":15},"skip":true},"47":{"start":{"line":145,"column":16},"end":{"line":145,"column":70},"skip":true},"48":{"start":{"line":149,"column":8},"end":{"line":149,"column":31},"skip":true},"49":{"start":{"line":150,"column":8},"end":{"line":150,"column":14},"skip":true},"50":{"start":{"line":158,"column":8},"end":{"line":158,"column":31},"skip":true},"51":{"start":{"line":160,"column":8},"end":{"line":160,"column":33},"skip":true},"52":{"start":{"line":161,"column":8},"end":{"line":161,"column":37},"skip":true},"53":{"start":{"line":162,"column":8},"end":{"line":162,"column":35},"skip":true},"54":{"start":{"line":164,"column":8},"end":{"line":164,"column":50},"skip":true},"55":{"start":{"line":166,"column":8},"end":{"line":256,"column":2},"skip":true},"56":{"start":{"line":258,"column":8},"end":{"line":286,"column":9},"skip":true},"57":{"start":{"line":259,"column":12},"end":{"line":269,"column":14},"skip":true},"58":{"start":{"line":271,"column":12},"end":{"line":285,"column":19},"skip":true},"59":{"start":{"line":274,"column":20},"end":{"line":274,"column":35},"skip":true},"60":{"start":{"line":275,"column":20},"end":{"line":284,"column":21},"skip":true},"61":{"start":{"line":277,"column":24},"end":{"line":277,"column":64},"skip":true},"62":{"start":{"line":279,"column":24},"end":{"line":279,"column":40},"skip":true},"63":{"start":{"line":281,"column":24},"end":{"line":281,"column":40},"skip":true},"64":{"start":{"line":283,"column":24},"end":{"line":283,"column":39},"skip":true},"65":{"start":{"line":288,"column":8},"end":{"line":290,"column":9},"skip":true},"66":{"start":{"line":289,"column":12},"end":{"line":289,"column":18},"skip":true},"67":{"start":{"line":291,"column":8},"end":{"line":293,"column":54},"skip":true},"68":{"start":{"line":296,"column":8},"end":{"line":301,"column":37},"skip":true},"69":{"start":{"line":303,"column":8},"end":{"line":303,"column":82},"skip":true},"70":{"start":{"line":306,"column":8},"end":{"line":308,"column":9},"skip":true},"71":{"start":{"line":307,"column":12},"end":{"line":307,"column":82},"skip":true},"72":{"start":{"line":310,"column":8},"end":{"line":312,"column":9},"skip":true},"73":{"start":{"line":311,"column":12},"end":{"line":311,"column":18},"skip":true},"74":{"start":{"line":313,"column":8},"end":{"line":313,"column":54},"skip":true},"75":{"start":{"line":314,"column":8},"end":{"line":314,"column":69},"skip":true},"76":{"start":{"line":315,"column":8},"end":{"line":323,"column":36},"skip":true},"77":{"start":{"line":316,"column":12},"end":{"line":316,"column":61},"skip":true},"78":{"start":{"line":317,"column":12},"end":{"line":320,"column":13},"skip":true},"79":{"start":{"line":318,"column":16},"end":{"line":318,"column":75},"skip":true},"80":{"start":{"line":319,"column":16},"end":{"line":319,"column":23},"skip":true},"81":{"start":{"line":321,"column":12},"end":{"line":321,"column":38},"skip":true},"82":{"start":{"line":322,"column":12},"end":{"line":322,"column":27},"skip":true},"83":{"start":{"line":324,"column":8},"end":{"line":324,"column":14},"skip":true}},"branchMap":{"1":{"line":39,"type":"binary-expr","locations":[{"start":{"line":39,"column":23},"end":{"line":39,"column":62}},{"start":{"line":40,"column":20},"end":{"line":40,"column":70}},{"start":{"line":41,"column":20},"end":{"line":41,"column":71}},{"start":{"line":42,"column":20},"end":{"line":42,"column":29}}]},"2":{"line":44,"type":"binary-expr","locations":[{"start":{"line":44,"column":23},"end":{"line":44,"column":37}},{"start":{"line":45,"column":20},"end":{"line":45,"column":61}},{"start":{"line":46,"column":20},"end":{"line":46,"column":70}},{"start":{"line":47,"column":20},"end":{"line":47,"column":26}}]},"3":{"line":51,"type":"cond-expr","locations":[{"start":{"line":52,"column":14},"end":{"line":52,"column":20}},{"start":{"line":53,"column":14},"end":{"line":53,"column":20}}]},"4":{"line":55,"type":"binary-expr","locations":[{"start":{"line":55,"column":16},"end":{"line":55,"column":44}},{"start":{"line":55,"column":49},"end":{"line":57,"column":43}}]},"5":{"line":55,"type":"cond-expr","locations":[{"start":{"line":56,"column":14},"end":{"line":56,"column":53}},{"start":{"line":57,"column":14},"end":{"line":57,"column":43}}]},"6":{"line":61,"type":"switch","locations":[{"start":{"line":68,"column":4},"end":{"line":150,"column":14},"skip":true},{"start":{"line":156,"column":4},"end":{"line":324,"column":14},"skip":true}]},"7":{"line":70,"type":"if","locations":[{"start":{"line":70,"column":12},"end":{"line":70,"column":12},"skip":true},{"start":{"line":70,"column":12},"end":{"line":70,"column":12},"skip":true}]},"8":{"line":70,"type":"binary-expr","locations":[{"start":{"line":70,"column":16},"end":{"line":70,"column":22},"skip":true},{"start":{"line":70,"column":27},"end":{"line":70,"column":32},"skip":true},{"start":{"line":71,"column":20},"end":{"line":71,"column":39},"skip":true},{"start":{"line":72,"column":20},"end":{"line":72,"column":49},"skip":true},{"start":{"line":73,"column":20},"end":{"line":73,"column":58},"skip":true},{"start":{"line":74,"column":20},"end":{"line":74,"column":69},"skip":true}]},"9":{"line":79,"type":"switch","locations":[{"start":{"line":80,"column":20},"end":{"line":80,"column":33},"skip":true},{"start":{"line":81,"column":20},"end":{"line":83,"column":30},"skip":true},{"start":{"line":84,"column":20},"end":{"line":85,"column":49},"skip":true}]},"10":{"line":89,"type":"switch","locations":[{"start":{"line":90,"column":12},"end":{"line":103,"column":22},"skip":true},{"start":{"line":105,"column":12},"end":{"line":106,"column":22},"skip":true}]},"11":{"line":89,"type":"binary-expr","locations":[{"start":{"line":89,"column":20},"end":{"line":89,"column":25},"skip":true},{"start":{"line":89,"column":29},"end":{"line":89,"column":48},"skip":true},{"start":{"line":89,"column":52},"end":{"line":89,"column":74},"skip":true}]},"12":{"line":92,"type":"if","locations":[{"start":{"line":92,"column":16},"end":{"line":92,"column":16},"skip":true},{"start":{"line":92,"column":16},"end":{"line":92,"column":16},"skip":true}]},"13":{"line":108,"type":"if","locations":[{"start":{"line":108,"column":12},"end":{"line":108,"column":12},"skip":true},{"start":{"line":108,"column":12},"end":{"line":108,"column":12},"skip":true}]},"14":{"line":108,"type":"binary-expr","locations":[{"start":{"line":108,"column":16},"end":{"line":108,"column":61},"skip":true},{"start":{"line":108,"column":66},"end":{"line":108,"column":72},"skip":true},{"start":{"line":108,"column":77},"end":{"line":108,"column":82},"skip":true},{"start":{"line":109,"column":20},"end":{"line":109,"column":39},"skip":true},{"start":{"line":110,"column":20},"end":{"line":110,"column":49},"skip":true},{"start":{"line":111,"column":20},"end":{"line":111,"column":58},"skip":true},{"start":{"line":112,"column":20},"end":{"line":112,"column":68},"skip":true}]},"15":{"line":129,"type":"if","locations":[{"start":{"line":129,"column":16},"end":{"line":129,"column":16},"skip":true},{"start":{"line":129,"column":16},"end":{"line":129,"column":16},"skip":true}]},"16":{"line":134,"type":"cond-expr","locations":[{"start":{"line":135,"column":26},"end":{"line":135,"column":29},"skip":true},{"start":{"line":136,"column":26},"end":{"line":136,"column":54},"skip":true}]},"17":{"line":164,"type":"binary-expr","locations":[{"start":{"line":164,"column":27},"end":{"line":164,"column":43},"skip":true},{"start":{"line":164,"column":47},"end":{"line":164,"column":49},"skip":true}]},"18":{"line":258,"type":"if","locations":[{"start":{"line":258,"column":8},"end":{"line":258,"column":8},"skip":true},{"start":{"line":258,"column":8},"end":{"line":258,"column":8},"skip":true}]},"19":{"line":275,"type":"switch","locations":[{"start":{"line":276,"column":20},"end":{"line":277,"column":64},"skip":true},{"start":{"line":278,"column":20},"end":{"line":279,"column":40},"skip":true},{"start":{"line":280,"column":20},"end":{"line":281,"column":40},"skip":true},{"start":{"line":282,"column":20},"end":{"line":283,"column":39},"skip":true}]},"20":{"line":288,"type":"if","locations":[{"start":{"line":288,"column":8},"end":{"line":288,"column":8},"skip":true},{"start":{"line":288,"column":8},"end":{"line":288,"column":8},"skip":true}]},"21":{"line":288,"type":"binary-expr","locations":[{"start":{"line":288,"column":12},"end":{"line":288,"column":40},"skip":true},{"start":{"line":288,"column":44},"end":{"line":288,"column":67},"skip":true}]},"22":{"line":292,"type":"binary-expr","locations":[{"start":{"line":292,"column":12},"end":{"line":292,"column":50},"skip":true},{"start":{"line":293,"column":12},"end":{"line":293,"column":53},"skip":true}]},"23":{"line":297,"type":"binary-expr","locations":[{"start":{"line":297,"column":12},"end":{"line":297,"column":67},"skip":true},{"start":{"line":298,"column":12},"end":{"line":301,"column":36},"skip":true}]},"24":{"line":303,"type":"binary-expr","locations":[{"start":{"line":303,"column":43},"end":{"line":303,"column":75},"skip":true},{"start":{"line":303,"column":79},"end":{"line":303,"column":81},"skip":true}]},"25":{"line":306,"type":"if","locations":[{"start":{"line":306,"column":8},"end":{"line":306,"column":8},"skip":true},{"start":{"line":306,"column":8},"end":{"line":306,"column":8},"skip":true}]},"26":{"line":310,"type":"if","locations":[{"start":{"line":310,"column":8},"end":{"line":310,"column":8},"skip":true},{"start":{"line":310,"column":8},"end":{"line":310,"column":8},"skip":true}]},"27":{"line":313,"type":"binary-expr","locations":[{"start":{"line":313,"column":27},"end":{"line":313,"column":43},"skip":true},{"start":{"line":313,"column":47},"end":{"line":313,"column":53},"skip":true}]},"28":{"line":317,"type":"if","locations":[{"start":{"line":317,"column":12},"end":{"line":317,"column":12},"skip":true},{"start":{"line":317,"column":12},"end":{"line":317,"column":12},"skip":true}]}},"code":["/*","example.js","","quickstart example","","instruction","    1. save this script as example.js","    2. run the shell command:","        $ npm install npmtest-hystrixjs && PORT=8081 node example.js","    3. play with the browser-demo on http://127.0.0.1:8081","*/","","","","/* istanbul instrument in package npmtest_hystrixjs */","/*jslint","    bitwise: true,","    browser: true,","    maxerr: 8,","    maxlen: 96,","    node: true,","    nomen: true,","    regexp: true,","    stupid: true","*/","(function () {","    'use strict';","    var local;","","","","    // run shared js-env code - pre-init","    (function () {","        // init local","        local = {};","        // init modeJs","        local.modeJs = (function () {","            try {","                return typeof navigator.userAgent === 'string' &&","                    typeof document.querySelector('body') === 'object' &&","                    typeof XMLHttpRequest.prototype.open === 'function' &&","                    'browser';","            } catch (errorCaughtBrowser) {","                return module.exports &&","                    typeof process.versions.node === 'string' &&","                    typeof require('http').createServer === 'function' &&","                    'node';","            }","        }());","        // init global","        local.global = local.modeJs === 'browser'","            ? window","            : global;","        // init utility2_rollup","        local = local.global.utility2_rollup || (local.modeJs === 'browser'","            ? local.global.utility2_npmtest_hystrixjs","            : global.utility2_moduleExports);","        // export local","        local.global.local = local;","    }());","    switch (local.modeJs) {","","","","    // post-init","    // run browser js-env code - post-init","    /* istanbul ignore next */","    case 'browser':","        local.testRunBrowser = function (event) {","            if (!event || (event &&","                    event.currentTarget &&","                    event.currentTarget.className &&","                    event.currentTarget.className.includes &&","                    event.currentTarget.className.includes('onreset'))) {","                // reset output","                Array.from(","                    document.querySelectorAll('body > .resettable')","                ).forEach(function (element) {","                    switch (element.tagName) {","                    case 'INPUT':","                    case 'TEXTAREA':","                        element.value = '';","                        break;","                    default:","                        element.textContent = '';","                    }","                });","            }","            switch (event && event.currentTarget && event.currentTarget.id) {","            case 'testRunButton1':","                // show tests","                if (document.querySelector('#testReportDiv1').style.display === 'none') {","                    document.querySelector('#testReportDiv1').style.display = 'block';","                    document.querySelector('#testRunButton1').textContent =","                        'hide internal test';","                    local.modeTest = true;","                    local.testRunDefault(local);","                // hide tests","                } else {","                    document.querySelector('#testReportDiv1').style.display = 'none';","                    document.querySelector('#testRunButton1').textContent = 'run internal test';","                }","                break;","            // custom-case","            default:","                break;","            }","            if (document.querySelector('#inputTextareaEval1') && (!event || (event &&","                    event.currentTarget &&","                    event.currentTarget.className &&","                    event.currentTarget.className.includes &&","                    event.currentTarget.className.includes('oneval')))) {","                // try to eval input-code","                try {","                    /*jslint evil: true*/","                    eval(document.querySelector('#inputTextareaEval1').value);","                } catch (errorCaught) {","                    console.error(errorCaught);","                }","            }","        };","        // log stderr and stdout to #outputTextareaStdout1","        ['error', 'log'].forEach(function (key) {","            console[key + '_original'] = console[key];","            console[key] = function () {","                var element;","                console[key + '_original'].apply(console, arguments);","                element = document.querySelector('#outputTextareaStdout1');","                if (!element) {","                    return;","                }","                // append text to #outputTextareaStdout1","                element.value += Array.from(arguments).map(function (arg) {","                    return typeof arg === 'string'","                        ? arg","                        : JSON.stringify(arg, null, 4);","                }).join(' ') + '\\n';","                // scroll textarea to bottom","                element.scrollTop = element.scrollHeight;","            };","        });","        // init event-handling","        ['change', 'click', 'keyup'].forEach(function (event) {","            Array.from(document.querySelectorAll('.on' + event)).forEach(function (element) {","                element.addEventListener(event, local.testRunBrowser);","            });","        });","        // run tests","        local.testRunBrowser();","        break;","","","","    // run node js-env code - post-init","    /* istanbul ignore next */","    case 'node':","        // export local","        module.exports = local;","        // require modules","        local.fs = require('fs');","        local.http = require('http');","        local.url = require('url');","        // init assets","        local.assetsDict = local.assetsDict || {};","        /* jslint-ignore-begin */","        local.assetsDict['/assets.index.template.html'] = '\\","<!doctype html>\\n\\","<html lang=\"en\">\\n\\","<head>\\n\\","<meta charset=\"UTF-8\">\\n\\","<meta name=\"viewport\" content=\"width=device-width, initial-scale=1\">\\n\\","<title>{{env.npm_package_name}} (v{{env.npm_package_version}})</title>\\n\\","<style>\\n\\","/*csslint\\n\\","    box-sizing: false,\\n\\","    universal-selector: false\\n\\","*/\\n\\","* {\\n\\","    box-sizing: border-box;\\n\\","}\\n\\","body {\\n\\","    background: #dde;\\n\\","    font-family: Arial, Helvetica, sans-serif;\\n\\","    margin: 2rem;\\n\\","}\\n\\","body > * {\\n\\","    margin-bottom: 1rem;\\n\\","}\\n\\",".utility2FooterDiv {\\n\\","    margin-top: 20px;\\n\\","    text-align: center;\\n\\","}\\n\\","</style>\\n\\","<style>\\n\\","/*csslint\\n\\","*/\\n\\","textarea {\\n\\","    font-family: monospace;\\n\\","    height: 10rem;\\n\\","    width: 100%;\\n\\","}\\n\\","textarea[readonly] {\\n\\","    background: #ddd;\\n\\","}\\n\\","</style>\\n\\","</head>\\n\\","<body>\\n\\","<!-- utility2-comment\\n\\","<div id=\"ajaxProgressDiv1\" style=\"background: #d00; height: 2px; left: 0; margin: 0; padding: 0; position: fixed; top: 0; transition: background 0.5s, width 1.5s; width: 25%;\"></div>\\n\\","utility2-comment -->\\n\\","<h1>\\n\\","<!-- utility2-comment\\n\\","    <a\\n\\","        {{#if env.npm_package_homepage}}\\n\\","        href=\"{{env.npm_package_homepage}}\"\\n\\","        {{/if env.npm_package_homepage}}\\n\\","        target=\"_blank\"\\n\\","    >\\n\\","utility2-comment -->\\n\\","        {{env.npm_package_name}} (v{{env.npm_package_version}})\\n\\","<!-- utility2-comment\\n\\","    </a>\\n\\","utility2-comment -->\\n\\","</h1>\\n\\","<h3>{{env.npm_package_description}}</h3>\\n\\","<!-- utility2-comment\\n\\","<h4><a download href=\"assets.app.js\">download standalone app</a></h4>\\n\\","<button class=\"onclick onreset\" id=\"testRunButton1\">run internal test</button><br>\\n\\","<div id=\"testReportDiv1\" style=\"display: none;\"></div>\\n\\","utility2-comment -->\\n\\","\\n\\","\\n\\","\\n\\","<label>stderr and stdout</label>\\n\\","<textarea class=\"resettable\" id=\"outputTextareaStdout1\" readonly></textarea>\\n\\","<!-- utility2-comment\\n\\","{{#if isRollup}}\\n\\","<script src=\"assets.app.js\"></script>\\n\\","{{#unless isRollup}}\\n\\","utility2-comment -->\\n\\","<script src=\"assets.utility2.rollup.js\"></script>\\n\\","<script src=\"jsonp.utility2._stateInit?callback=window.utility2._stateInit\"></script>\\n\\","<script src=\"assets.npmtest_hystrixjs.rollup.js\"></script>\\n\\","<script src=\"assets.example.js\"></script>\\n\\","<script src=\"assets.test.js\"></script>\\n\\","<!-- utility2-comment\\n\\","{{/if isRollup}}\\n\\","utility2-comment -->\\n\\","<div class=\"utility2FooterDiv\">\\n\\","    [ this app was created with\\n\\","    <a href=\"https://github.com/kaizhu256/node-utility2\" target=\"_blank\">utility2</a>\\n\\","    ]\\n\\","</div>\\n\\","</body>\\n\\","</html>\\n\\","';","        /* jslint-ignore-end */","        if (local.templateRender) {","            local.assetsDict['/'] = local.templateRender(","                local.assetsDict['/assets.index.template.html'],","                {","                    env: local.objectSetDefault(local.env, {","                        npm_package_description: 'the greatest app in the world!',","                        npm_package_name: 'my-app',","                        npm_package_nameAlias: 'my_app',","                        npm_package_version: '0.0.1'","                    })","                }","            );","        } else {","            local.assetsDict['/'] = local.assetsDict['/assets.index.template.html']","                .replace((/\\{\\{env\\.(\\w+?)\\}\\}/g), function (match0, match1) {","                    // jslint-hack","                    String(match0);","                    switch (match1) {","                    case 'npm_package_description':","                        return 'the greatest app in the world!';","                    case 'npm_package_name':","                        return 'my-app';","                    case 'npm_package_nameAlias':","                        return 'my_app';","                    case 'npm_package_version':","                        return '0.0.1';","                    }","                });","        }","        // run the cli","        if (local.global.utility2_rollup || module !== require.main) {","            break;","        }","        local.assetsDict['/assets.example.js'] =","            local.assetsDict['/assets.example.js'] ||","            local.fs.readFileSync(__filename, 'utf8');","        // bug-workaround - long $npm_package_buildCustomOrg","        /* jslint-ignore-begin */","        local.assetsDict['/assets.npmtest_hystrixjs.rollup.js'] =","            local.assetsDict['/assets.npmtest_hystrixjs.rollup.js'] ||","            local.fs.readFileSync(","                local.npmtest_hystrixjs.__dirname + '/lib.npmtest_hystrixjs.js',","                'utf8'","            ).replace((/^#!/), '//');","        /* jslint-ignore-end */","        local.assetsDict['/favicon.ico'] = local.assetsDict['/favicon.ico'] || '';","        // if $npm_config_timeout_exit exists,","        // then exit this process after $npm_config_timeout_exit ms","        if (Number(process.env.npm_config_timeout_exit)) {","            setTimeout(process.exit, Number(process.env.npm_config_timeout_exit));","        }","        // start server","        if (local.global.utility2_serverHttp1) {","            break;","        }","        process.env.PORT = process.env.PORT || '8081';","        console.error('server starting on port ' + process.env.PORT);","        local.http.createServer(function (request, response) {","            request.urlParsed = local.url.parse(request.url);","            if (local.assetsDict[request.urlParsed.pathname] !== undefined) {","                response.end(local.assetsDict[request.urlParsed.pathname]);","                return;","            }","            response.statusCode = 404;","            response.end();","        }).listen(process.env.PORT);","        break;","    }","}());",""],"l":{"26":2,"28":2,"33":2,"35":2,"37":2,"38":2,"39":2,"44":1,"51":2,"55":2,"59":2,"61":2,"69":1,"70":2,"76":2,"79":2,"82":2,"83":2,"85":1,"89":2,"92":1,"93":1,"94":1,"96":1,"97":1,"100":1,"101":1,"103":1,"106":1,"108":2,"114":1,"116":1,"118":1,"123":1,"124":2,"125":2,"126":3,"127":3,"128":3,"129":3,"130":1,"133":3,"134":3,"139":3,"143":1,"144":3,"145":1,"149":1,"150":1,"158":1,"160":1,"161":1,"162":1,"164":1,"166":1,"258":1,"259":1,"271":1,"274":6,"275":6,"277":1,"279":2,"281":1,"283":2,"288":1,"289":1,"291":1,"296":1,"303":1,"306":1,"307":1,"310":1,"311":1,"313":1,"314":1,"315":1,"316":1,"317":1,"318":1,"319":1,"321":1,"322":1,"324":1}},"/home/travis/build/npmtest/node-npmtest-hystrixjs/node_modules/hystrixjs/index.js":{"path":"/home/travis/build/npmtest/node-npmtest-hystrixjs/node_modules/hystrixjs/index.js","s":{"1":1},"b":{},"f":{},"fnMap":{},"statementMap":{"1":{"start":{"line":1,"column":0},"end":{"line":7,"column":2}}},"branchMap":{},"code":["module.exports = {","   commandFactory: require(\"./lib/command/CommandFactory\"),","   metricsFactory: require(\"./lib/metrics/CommandMetrics\").Factory,","   circuitFactory: require(\"./lib/command/CircuitBreaker\"),","   hystrixConfig: require(\"./lib/util/HystrixConfig\"),","   hystrixSSEStream: require(\"./lib/http/HystrixSSEStream\")","};"],"l":{"1":1}},"/home/travis/build/npmtest/node-npmtest-hystrixjs/node_modules/hystrixjs/lib/command/CommandFactory.js":{"path":"/home/travis/build/npmtest/node-npmtest-hystrixjs/node_modules/hystrixjs/lib/command/CommandFactory.js","s":{"1":1,"2":1,"3":1,"4":2,"5":19,"6":19,"7":19,"8":19,"9":19,"10":19,"11":1,"12":2,"13":1,"14":2,"15":1,"16":2,"17":1,"18":2,"19":1,"20":0,"21":0,"22":1,"23":1,"24":1,"25":1,"26":1,"27":1,"28":1,"29":1,"30":0,"31":1,"32":0,"33":0,"34":1,"35":1,"36":1,"37":1,"38":0,"39":0,"40":0,"41":0,"42":0,"43":1,"44":0,"45":0,"46":0,"47":0,"48":0,"49":0,"50":0,"51":0,"52":0,"53":0,"54":0,"55":0,"56":0,"57":0,"58":0,"59":0,"60":0,"61":0,"62":0,"63":0,"64":0,"65":0,"66":0,"67":0,"68":0,"69":0,"70":0,"71":0,"72":0,"73":0,"74":0,"75":0,"76":0,"77":0,"78":0,"79":0,"80":0,"81":0,"82":0,"83":0,"84":0,"85":0,"86":1,"87":1},"b":{"1":[19,19],"2":[19,0],"3":[1,1],"4":[1,1],"5":[0,2],"6":[2,2],"7":[0,0],"8":[0,0],"9":[0,0],"10":[0,0]},"f":{"1":1,"2":2,"3":2,"4":2,"5":0,"6":1,"7":0,"8":0,"9":0,"10":1,"11":0,"12":0,"13":0,"14":0,"15":0,"16":0,"17":0,"18":0,"19":0,"20":0,"21":0,"22":0,"23":0,"24":0,"25":0,"26":0,"27":0,"28":0},"fnMap":{"1":{"name":"(anonymous_1)","line":7,"loc":{"start":{"line":7,"column":20},"end":{"line":7,"column":32}}},"2":{"name":"defineProperties","line":7,"loc":{"start":{"line":7,"column":34},"end":{"line":7,"column":75}}},"3":{"name":"(anonymous_3)","line":7,"loc":{"start":{"line":7,"column":358},"end":{"line":7,"column":406}}},"4":{"name":"_interopRequireDefault","line":9,"loc":{"start":{"line":9,"column":0},"end":{"line":9,"column":37}}},"5":{"name":"_classCallCheck","line":11,"loc":{"start":{"line":11,"column":0},"end":{"line":11,"column":48}}},"6":{"name":"(anonymous_6)","line":25,"loc":{"start":{"line":25,"column":22},"end":{"line":25,"column":34}}},"7":{"name":"CommandFactory","line":26,"loc":{"start":{"line":26,"column":4},"end":{"line":26,"column":30}}},"8":{"name":"getOrCreate","line":32,"loc":{"start":{"line":32,"column":15},"end":{"line":32,"column":62}}},"9":{"name":"resetCache","line":37,"loc":{"start":{"line":37,"column":15},"end":{"line":37,"column":37}}},"10":{"name":"(anonymous_10)","line":47,"loc":{"start":{"line":47,"column":22},"end":{"line":47,"column":34}}},"11":{"name":"CommandBuilder","line":48,"loc":{"start":{"line":48,"column":4},"end":{"line":48,"column":40}}},"12":{"name":"cleanup","line":60,"loc":{"start":{"line":60,"column":15},"end":{"line":60,"column":39}}},"13":{"name":"circuitBreakerSleepWindowInMilliseconds","line":66,"loc":{"start":{"line":66,"column":15},"end":{"line":66,"column":71}}},"14":{"name":"errorHandler","line":72,"loc":{"start":{"line":72,"column":15},"end":{"line":72,"column":44}}},"15":{"name":"timeout","line":78,"loc":{"start":{"line":78,"column":15},"end":{"line":78,"column":39}}},"16":{"name":"circuitBreakerRequestVolumeThreshold","line":84,"loc":{"start":{"line":84,"column":15},"end":{"line":84,"column":68}}},"17":{"name":"requestVolumeRejectionThreshold","line":90,"loc":{"start":{"line":90,"column":15},"end":{"line":90,"column":63}}},"18":{"name":"circuitBreakerForceOpened","line":96,"loc":{"start":{"line":96,"column":15},"end":{"line":96,"column":57}}},"19":{"name":"circuitBreakerForceClosed","line":102,"loc":{"start":{"line":102,"column":15},"end":{"line":102,"column":57}}},"20":{"name":"statisticalWindowNumberOfBuckets","line":108,"loc":{"start":{"line":108,"column":15},"end":{"line":108,"column":64}}},"21":{"name":"statisticalWindowLength","line":114,"loc":{"start":{"line":114,"column":15},"end":{"line":114,"column":55}}},"22":{"name":"percentileWindowNumberOfBuckets","line":120,"loc":{"start":{"line":120,"column":15},"end":{"line":120,"column":63}}},"23":{"name":"percentileWindowLength","line":126,"loc":{"start":{"line":126,"column":15},"end":{"line":126,"column":54}}},"24":{"name":"circuitBreakerErrorThresholdPercentage","line":132,"loc":{"start":{"line":132,"column":15},"end":{"line":132,"column":70}}},"25":{"name":"run","line":138,"loc":{"start":{"line":138,"column":15},"end":{"line":138,"column":35}}},"26":{"name":"context","line":144,"loc":{"start":{"line":144,"column":15},"end":{"line":144,"column":39}}},"27":{"name":"fallbackTo","line":150,"loc":{"start":{"line":150,"column":15},"end":{"line":150,"column":42}}},"28":{"name":"build","line":156,"loc":{"start":{"line":156,"column":15},"end":{"line":156,"column":32}}}},"statementMap":{"1":{"start":{"line":3,"column":0},"end":{"line":5,"column":3}},"2":{"start":{"line":7,"column":0},"end":{"line":7,"column":566}},"3":{"start":{"line":7,"column":34},"end":{"line":7,"column":350}},"4":{"start":{"line":7,"column":77},"end":{"line":7,"column":348}},"5":{"start":{"line":7,"column":118},"end":{"line":7,"column":144}},"6":{"start":{"line":7,"column":145},"end":{"line":7,"column":200}},"7":{"start":{"line":7,"column":201},"end":{"line":7,"column":232}},"8":{"start":{"line":7,"column":233},"end":{"line":7,"column":287}},"9":{"start":{"line":7,"column":260},"end":{"line":7,"column":287}},"10":{"start":{"line":7,"column":288},"end":{"line":7,"column":346}},"11":{"start":{"line":7,"column":351},"end":{"line":7,"column":560}},"12":{"start":{"line":7,"column":408},"end":{"line":7,"column":476}},"13":{"start":{"line":7,"column":424},"end":{"line":7,"column":476}},"14":{"start":{"line":7,"column":477},"end":{"line":7,"column":537}},"15":{"start":{"line":7,"column":494},"end":{"line":7,"column":537}},"16":{"start":{"line":7,"column":538},"end":{"line":7,"column":557}},"17":{"start":{"line":9,"column":0},"end":{"line":9,"column":97}},"18":{"start":{"line":9,"column":39},"end":{"line":9,"column":95}},"19":{"start":{"line":11,"column":0},"end":{"line":11,"column":153}},"20":{"start":{"line":11,"column":50},"end":{"line":11,"column":151}},"21":{"start":{"line":11,"column":92},"end":{"line":11,"column":149}},"22":{"start":{"line":13,"column":0},"end":{"line":13,"column":66}},"23":{"start":{"line":15,"column":0},"end":{"line":15,"column":50}},"24":{"start":{"line":17,"column":0},"end":{"line":17,"column":63}},"25":{"start":{"line":19,"column":0},"end":{"line":19,"column":36}},"26":{"start":{"line":21,"column":0},"end":{"line":21,"column":49}},"27":{"start":{"line":23,"column":0},"end":{"line":23,"column":37}},"28":{"start":{"line":25,"column":0},"end":{"line":43,"column":5}},"29":{"start":{"line":26,"column":4},"end":{"line":28,"column":5}},"30":{"start":{"line":27,"column":8},"end":{"line":27,"column":46}},"31":{"start":{"line":30,"column":4},"end":{"line":40,"column":8}},"32":{"start":{"line":33,"column":12},"end":{"line":33,"column":64}},"33":{"start":{"line":38,"column":12},"end":{"line":38,"column":41}},"34":{"start":{"line":42,"column":4},"end":{"line":42,"column":26}},"35":{"start":{"line":45,"column":0},"end":{"line":45,"column":36}},"36":{"start":{"line":47,"column":0},"end":{"line":201,"column":5}},"37":{"start":{"line":48,"column":4},"end":{"line":56,"column":5}},"38":{"start":{"line":49,"column":8},"end":{"line":49,"column":106}},"39":{"start":{"line":51,"column":8},"end":{"line":51,"column":46}},"40":{"start":{"line":53,"column":8},"end":{"line":53,"column":37}},"41":{"start":{"line":54,"column":8},"end":{"line":54,"column":41}},"42":{"start":{"line":55,"column":8},"end":{"line":55,"column":25}},"43":{"start":{"line":58,"column":4},"end":{"line":198,"column":8}},"44":{"start":{"line":61,"column":12},"end":{"line":61,"column":40}},"45":{"start":{"line":62,"column":12},"end":{"line":62,"column":24}},"46":{"start":{"line":67,"column":12},"end":{"line":67,"column":72}},"47":{"start":{"line":68,"column":12},"end":{"line":68,"column":24}},"48":{"start":{"line":73,"column":12},"end":{"line":73,"column":47}},"49":{"start":{"line":74,"column":12},"end":{"line":74,"column":24}},"50":{"start":{"line":79,"column":12},"end":{"line":79,"column":40}},"51":{"start":{"line":80,"column":12},"end":{"line":80,"column":24}},"52":{"start":{"line":85,"column":12},"end":{"line":85,"column":69}},"53":{"start":{"line":86,"column":12},"end":{"line":86,"column":24}},"54":{"start":{"line":91,"column":12},"end":{"line":91,"column":64}},"55":{"start":{"line":92,"column":12},"end":{"line":92,"column":24}},"56":{"start":{"line":97,"column":12},"end":{"line":97,"column":58}},"57":{"start":{"line":98,"column":12},"end":{"line":98,"column":24}},"58":{"start":{"line":103,"column":12},"end":{"line":103,"column":58}},"59":{"start":{"line":104,"column":12},"end":{"line":104,"column":24}},"60":{"start":{"line":109,"column":12},"end":{"line":109,"column":65}},"61":{"start":{"line":110,"column":12},"end":{"line":110,"column":24}},"62":{"start":{"line":115,"column":12},"end":{"line":115,"column":56}},"63":{"start":{"line":116,"column":12},"end":{"line":116,"column":24}},"64":{"start":{"line":121,"column":12},"end":{"line":121,"column":64}},"65":{"start":{"line":122,"column":12},"end":{"line":122,"column":24}},"66":{"start":{"line":127,"column":12},"end":{"line":127,"column":55}},"67":{"start":{"line":128,"column":12},"end":{"line":128,"column":24}},"68":{"start":{"line":133,"column":12},"end":{"line":133,"column":71}},"69":{"start":{"line":134,"column":12},"end":{"line":134,"column":24}},"70":{"start":{"line":139,"column":12},"end":{"line":139,"column":36}},"71":{"start":{"line":140,"column":12},"end":{"line":140,"column":24}},"72":{"start":{"line":145,"column":12},"end":{"line":145,"column":40}},"73":{"start":{"line":146,"column":12},"end":{"line":146,"column":24}},"74":{"start":{"line":151,"column":12},"end":{"line":151,"column":41}},"75":{"start":{"line":152,"column":12},"end":{"line":152,"column":24}},"76":{"start":{"line":158,"column":12},"end":{"line":158,"column":77}},"77":{"start":{"line":159,"column":12},"end":{"line":161,"column":13}},"78":{"start":{"line":160,"column":16},"end":{"line":160,"column":40}},"79":{"start":{"line":163,"column":12},"end":{"line":170,"column":14}},"80":{"start":{"line":171,"column":12},"end":{"line":179,"column":14}},"81":{"start":{"line":180,"column":12},"end":{"line":180,"column":70}},"82":{"start":{"line":181,"column":12},"end":{"line":181,"column":67}},"83":{"start":{"line":182,"column":12},"end":{"line":193,"column":15}},"84":{"start":{"line":195,"column":12},"end":{"line":195,"column":63}},"85":{"start":{"line":196,"column":12},"end":{"line":196,"column":61}},"86":{"start":{"line":200,"column":4},"end":{"line":200,"column":26}},"87":{"start":{"line":203,"column":0},"end":{"line":203,"column":36}}},"branchMap":{"1":{"line":7,"type":"binary-expr","locations":[{"start":{"line":7,"column":169},"end":{"line":7,"column":190}},{"start":{"line":7,"column":194},"end":{"line":7,"column":199}}]},"2":{"line":7,"type":"if","locations":[{"start":{"line":7,"column":233},"end":{"line":7,"column":233}},{"start":{"line":7,"column":233},"end":{"line":7,"column":233}}]},"3":{"line":7,"type":"if","locations":[{"start":{"line":7,"column":408},"end":{"line":7,"column":408}},{"start":{"line":7,"column":408},"end":{"line":7,"column":408}}]},"4":{"line":7,"type":"if","locations":[{"start":{"line":7,"column":477},"end":{"line":7,"column":477}},{"start":{"line":7,"column":477},"end":{"line":7,"column":477}}]},"5":{"line":9,"type":"cond-expr","locations":[{"start":{"line":9,"column":70},"end":{"line":9,"column":73}},{"start":{"line":9,"column":76},"end":{"line":9,"column":94}}]},"6":{"line":9,"type":"binary-expr","locations":[{"start":{"line":9,"column":46},"end":{"line":9,"column":49}},{"start":{"line":9,"column":53},"end":{"line":9,"column":67}}]},"7":{"line":11,"type":"if","locations":[{"start":{"line":11,"column":50},"end":{"line":11,"column":50}},{"start":{"line":11,"column":50},"end":{"line":11,"column":50}}]},"8":{"line":49,"type":"cond-expr","locations":[{"start":{"line":49,"column":81},"end":{"line":49,"column":90}},{"start":{"line":49,"column":93},"end":{"line":49,"column":105}}]},"9":{"line":49,"type":"binary-expr","locations":[{"start":{"line":49,"column":27},"end":{"line":49,"column":48}},{"start":{"line":49,"column":52},"end":{"line":49,"column":78}}]},"10":{"line":159,"type":"if","locations":[{"start":{"line":159,"column":12},"end":{"line":159,"column":12}},{"start":{"line":159,"column":12},"end":{"line":159,"column":12}}]}},"code":["\"use strict\";","","Object.defineProperty(exports, \"__esModule\", {","    value: true","});","","var _createClass = (function () { function defineProperties(target, props) { for (var i = 0; i < props.length; i++) { var descriptor = props[i]; descriptor.enumerable = descriptor.enumerable || false; descriptor.configurable = true; if (\"value\" in descriptor) descriptor.writable = true; Object.defineProperty(target, descriptor.key, descriptor); } } return function (Constructor, protoProps, staticProps) { if (protoProps) defineProperties(Constructor.prototype, protoProps); if (staticProps) defineProperties(Constructor, staticProps); return Constructor; }; })();","","function _interopRequireDefault(obj) { return obj && obj.__esModule ? obj : { \"default\": obj }; }","","function _classCallCheck(instance, Constructor) { if (!(instance instanceof Constructor)) { throw new TypeError(\"Cannot call a class as a function\"); } }","","var _metricsCommandMetrics = require(\"../metrics/CommandMetrics\");","","var _CircuitBreaker = require(\"./CircuitBreaker\");","","var _CircuitBreaker2 = _interopRequireDefault(_CircuitBreaker);","","var _Command = require(\"./Command\");","","var _Command2 = _interopRequireDefault(_Command);","","var hystrixCommandsCache = new Map();","","var CommandFactory = (function () {","    function CommandFactory() {","        _classCallCheck(this, CommandFactory);","    }","","    _createClass(CommandFactory, null, [{","        key: \"getOrCreate\",","        value: function getOrCreate(commandKey, commandGroup) {","            return new CommandBuilder(commandKey, commandGroup);","        }","    }, {","        key: \"resetCache\",","        value: function resetCache() {","            hystrixCommandsCache.clear();","        }","    }]);","","    return CommandFactory;","})();","","exports[\"default\"] = CommandFactory;","","var CommandBuilder = (function () {","    function CommandBuilder(commandKey) {","        var commandGroup = arguments.length <= 1 || arguments[1] === undefined ? \"hystrix\" : arguments[1];","","        _classCallCheck(this, CommandBuilder);","","        this.commandKey = commandKey;","        this.commandGroup = commandGroup;","        this.config = {};","    }","","    _createClass(CommandBuilder, [{","        key: \"cleanup\",","        value: function cleanup(value) {","            this.config.cleanup = value;","            return this;","        }","    }, {","        key: \"circuitBreakerSleepWindowInMilliseconds\",","        value: function circuitBreakerSleepWindowInMilliseconds(value) {","            this.config.circuitBreakerSleepWindowInMilliseconds = value;","            return this;","        }","    }, {","        key: \"errorHandler\",","        value: function errorHandler(value) {","            this.config.isErrorHandler = value;","            return this;","        }","    }, {","        key: \"timeout\",","        value: function timeout(value) {","            this.config.timeout = value;","            return this;","        }","    }, {","        key: \"circuitBreakerRequestVolumeThreshold\",","        value: function circuitBreakerRequestVolumeThreshold(value) {","            this.config.circuitBreakerRequestVolumeThreshold = value;","            return this;","        }","    }, {","        key: \"requestVolumeRejectionThreshold\",","        value: function requestVolumeRejectionThreshold(value) {","            this.config.requestVolumeRejectionThreshold = value;","            return this;","        }","    }, {","        key: \"circuitBreakerForceOpened\",","        value: function circuitBreakerForceOpened(value) {","            this.config.circuitBreakerForceOpened = value;","            return this;","        }","    }, {","        key: \"circuitBreakerForceClosed\",","        value: function circuitBreakerForceClosed(value) {","            this.config.circuitBreakerForceClosed = value;","            return this;","        }","    }, {","        key: \"statisticalWindowNumberOfBuckets\",","        value: function statisticalWindowNumberOfBuckets(value) {","            this.config.statisticalWindowNumberOfBuckets = value;","            return this;","        }","    }, {","        key: \"statisticalWindowLength\",","        value: function statisticalWindowLength(value) {","            this.config.statisticalWindowLength = value;","            return this;","        }","    }, {","        key: \"percentileWindowNumberOfBuckets\",","        value: function percentileWindowNumberOfBuckets(value) {","            this.config.percentileWindowNumberOfBuckets = value;","            return this;","        }","    }, {","        key: \"percentileWindowLength\",","        value: function percentileWindowLength(value) {","            this.config.percentileWindowLength = value;","            return this;","        }","    }, {","        key: \"circuitBreakerErrorThresholdPercentage\",","        value: function circuitBreakerErrorThresholdPercentage(value) {","            this.config.circuitBreakerErrorThresholdPercentage = value;","            return this;","        }","    }, {","        key: \"run\",","        value: function run(value) {","            this.config.run = value;","            return this;","        }","    }, {","        key: \"context\",","        value: function context(value) {","            this.config.context = value;","            return this;","        }","    }, {","        key: \"fallbackTo\",","        value: function fallbackTo(value) {","            this.config.fallback = value;","            return this;","        }","    }, {","        key: \"build\",","        value: function build() {","","            var previouslyCached = hystrixCommandsCache.get(this.commandKey);","            if (previouslyCached) {","                return previouslyCached;","            }","","            var metricsConfig = {","                commandKey: this.commandKey,","                commandGroup: this.commandGroup,","                statisticalWindowTimeInMilliSeconds: this.config.statisticalWindowLength,","                statisticalWindowNumberOfBuckets: this.config.statisticalWindowNumberOfBuckets,","                percentileWindowTimeInMilliSeconds: this.config.percentileWindowLength,","                percentileWindowNumberOfBuckets: this.config.percentileWindowNumberOfBuckets","            };","            var circuitConfig = {","                commandKey: this.commandKey,","                commandGroup: this.commandGroup,","                circuitBreakerSleepWindowInMilliseconds: this.config.circuitBreakerSleepWindowInMilliseconds,","                circuitBreakerErrorThresholdPercentage: this.config.circuitBreakerErrorThresholdPercentage,","                circuitBreakerRequestVolumeThreshold: this.config.circuitBreakerRequestVolumeThreshold,","                circuitBreakerForceClosed: this.config.circuitBreakerForceClosed,","                circuitBreakerForceOpened: this.config.circuitBreakerForceOpened","            };","            _metricsCommandMetrics.Factory.getOrCreate(metricsConfig);","            _CircuitBreaker2[\"default\"].getOrCreate(circuitConfig);","            var command = new _Command2[\"default\"]({","                commandKey: this.commandKey,","                commandGroup: this.commandGroup,","                runContext: this.config.context,","                timeout: this.config.timeout,","                fallback: this.config.fallback,","                run: this.config.run,","                isErrorHandler: this.config.isErrorHandler,","                metricsConfig: metricsConfig,","                circuitConfig: circuitConfig,","                requestVolumeRejectionThreshold: this.config.requestVolumeRejectionThreshold","            });","","            hystrixCommandsCache.set(this.commandKey, command);","            return hystrixCommandsCache.get(this.commandKey);","        }","    }]);","","    return CommandBuilder;","})();","","module.exports = exports[\"default\"];"],"l":{"3":1,"7":19,"9":2,"11":1,"13":1,"15":1,"17":1,"19":1,"21":1,"23":1,"25":1,"26":1,"27":0,"30":1,"33":0,"38":0,"42":1,"45":1,"47":1,"48":1,"49":0,"51":0,"53":0,"54":0,"55":0,"58":1,"61":0,"62":0,"67":0,"68":0,"73":0,"74":0,"79":0,"80":0,"85":0,"86":0,"91":0,"92":0,"97":0,"98":0,"103":0,"104":0,"109":0,"110":0,"115":0,"116":0,"121":0,"122":0,"127":0,"128":0,"133":0,"134":0,"139":0,"140":0,"145":0,"146":0,"151":0,"152":0,"158":0,"159":0,"160":0,"163":0,"171":0,"180":0,"181":0,"182":0,"195":0,"196":0,"200":1,"203":1}},"/home/travis/build/npmtest/node-npmtest-hystrixjs/node_modules/hystrixjs/lib/metrics/CommandMetrics.js":{"path":"/home/travis/build/npmtest/node-npmtest-hystrixjs/node_modules/hystrixjs/lib/metrics/CommandMetrics.js","s":{"1":1,"2":1,"3":1,"4":2,"5":16,"6":16,"7":16,"8":16,"9":16,"10":16,"11":1,"12":2,"13":1,"14":2,"15":1,"16":2,"17":1,"18":5,"19":1,"20":0,"21":0,"22":1,"23":1,"24":1,"25":1,"26":1,"27":1,"28":1,"29":1,"30":1,"31":1,"32":1,"33":1,"34":0,"35":0,"36":0,"37":0,"38":0,"39":0,"40":0,"41":0,"42":0,"43":0,"44":0,"45":0,"46":0,"47":0,"48":0,"49":0,"50":0,"51":0,"52":0,"53":0,"54":1,"55":0,"56":0,"57":0,"58":0,"59":0,"60":0,"61":0,"62":0,"63":0,"64":0,"65":0,"66":0,"67":0,"68":0,"69":0,"70":0,"71":0,"72":0,"73":0,"74":0,"75":0,"76":0,"77":0,"78":1,"79":1,"80":1,"81":1,"82":1,"83":0,"84":1,"85":0,"86":0,"87":0,"88":0,"89":0,"90":0,"91":0,"92":0,"93":0,"94":0,"95":0,"96":0,"97":0,"98":0,"99":0,"100":0,"101":1,"102":1},"b":{"1":[16,16],"2":[16,0],"3":[1,1],"4":[1,1],"5":[0,5],"6":[5,5],"7":[0,0],"8":[0,0],"9":[0,0],"10":[0,0],"11":[0,0],"12":[0,0],"13":[0,0],"14":[0,0],"15":[0,0],"16":[0,0],"17":[0,0],"18":[0,0],"19":[0,0],"20":[0,0],"21":[0,0]},"f":{"1":1,"2":2,"3":2,"4":5,"5":0,"6":1,"7":0,"8":0,"9":0,"10":0,"11":0,"12":0,"13":0,"14":0,"15":0,"16":0,"17":0,"18":0,"19":0,"20":0,"21":1,"22":0,"23":0,"24":0,"25":0},"fnMap":{"1":{"name":"(anonymous_1)","line":7,"loc":{"start":{"line":7,"column":20},"end":{"line":7,"column":32}}},"2":{"name":"defineProperties","line":7,"loc":{"start":{"line":7,"column":34},"end":{"line":7,"column":75}}},"3":{"name":"(anonymous_3)","line":7,"loc":{"start":{"line":7,"column":358},"end":{"line":7,"column":406}}},"4":{"name":"_interopRequireDefault","line":9,"loc":{"start":{"line":9,"column":0},"end":{"line":9,"column":37}}},"5":{"name":"_classCallCheck","line":11,"loc":{"start":{"line":11,"column":0},"end":{"line":11,"column":48}}},"6":{"name":"(anonymous_6)","line":33,"loc":{"start":{"line":33,"column":22},"end":{"line":33,"column":34}}},"7":{"name":"CommandMetrics","line":34,"loc":{"start":{"line":34,"column":4},"end":{"line":34,"column":40}}},"8":{"name":"markSuccess","line":70,"loc":{"start":{"line":70,"column":15},"end":{"line":70,"column":38}}},"9":{"name":"markRejected","line":75,"loc":{"start":{"line":75,"column":15},"end":{"line":75,"column":39}}},"10":{"name":"markFailure","line":80,"loc":{"start":{"line":80,"column":15},"end":{"line":80,"column":38}}},"11":{"name":"markTimeout","line":85,"loc":{"start":{"line":85,"column":15},"end":{"line":85,"column":38}}},"12":{"name":"markShortCircuited","line":90,"loc":{"start":{"line":90,"column":15},"end":{"line":90,"column":45}}},"13":{"name":"incrementExecutionCount","line":95,"loc":{"start":{"line":95,"column":15},"end":{"line":95,"column":50}}},"14":{"name":"decrementExecutionCount","line":100,"loc":{"start":{"line":100,"column":15},"end":{"line":100,"column":50}}},"15":{"name":"getCurrentExecutionCount","line":105,"loc":{"start":{"line":105,"column":15},"end":{"line":105,"column":51}}},"16":{"name":"addExecutionTime","line":110,"loc":{"start":{"line":110,"column":15},"end":{"line":110,"column":47}}},"17":{"name":"getRollingCount","line":115,"loc":{"start":{"line":115,"column":15},"end":{"line":115,"column":46}}},"18":{"name":"getExecutionTime","line":120,"loc":{"start":{"line":120,"column":15},"end":{"line":120,"column":53}}},"19":{"name":"getHealthCounts","line":125,"loc":{"start":{"line":125,"column":15},"end":{"line":125,"column":42}}},"20":{"name":"reset","line":148,"loc":{"start":{"line":148,"column":15},"end":{"line":148,"column":32}}},"21":{"name":"(anonymous_21)","line":161,"loc":{"start":{"line":161,"column":15},"end":{"line":161,"column":27}}},"22":{"name":"Factory","line":162,"loc":{"start":{"line":162,"column":4},"end":{"line":162,"column":23}}},"23":{"name":"getOrCreate","line":168,"loc":{"start":{"line":168,"column":15},"end":{"line":168,"column":38}}},"24":{"name":"resetCache","line":195,"loc":{"start":{"line":195,"column":15},"end":{"line":195,"column":37}}},"25":{"name":"getAllMetrics","line":200,"loc":{"start":{"line":200,"column":15},"end":{"line":200,"column":40}}}},"statementMap":{"1":{"start":{"line":3,"column":0},"end":{"line":5,"column":3}},"2":{"start":{"line":7,"column":0},"end":{"line":7,"column":566}},"3":{"start":{"line":7,"column":34},"end":{"line":7,"column":350}},"4":{"start":{"line":7,"column":77},"end":{"line":7,"column":348}},"5":{"start":{"line":7,"column":118},"end":{"line":7,"column":144}},"6":{"start":{"line":7,"column":145},"end":{"line":7,"column":200}},"7":{"start":{"line":7,"column":201},"end":{"line":7,"column":232}},"8":{"start":{"line":7,"column":233},"end":{"line":7,"column":287}},"9":{"start":{"line":7,"column":260},"end":{"line":7,"column":287}},"10":{"start":{"line":7,"column":288},"end":{"line":7,"column":346}},"11":{"start":{"line":7,"column":351},"end":{"line":7,"column":560}},"12":{"start":{"line":7,"column":408},"end":{"line":7,"column":476}},"13":{"start":{"line":7,"column":424},"end":{"line":7,"column":476}},"14":{"start":{"line":7,"column":477},"end":{"line":7,"column":537}},"15":{"start":{"line":7,"column":494},"end":{"line":7,"column":537}},"16":{"start":{"line":7,"column":538},"end":{"line":7,"column":557}},"17":{"start":{"line":9,"column":0},"end":{"line":9,"column":97}},"18":{"start":{"line":9,"column":39},"end":{"line":9,"column":95}},"19":{"start":{"line":11,"column":0},"end":{"line":11,"column":153}},"20":{"start":{"line":11,"column":50},"end":{"line":11,"column":151}},"21":{"start":{"line":11,"column":92},"end":{"line":11,"column":149}},"22":{"start":{"line":13,"column":0},"end":{"line":13,"column":48}},"23":{"start":{"line":15,"column":0},"end":{"line":15,"column":61}},"24":{"start":{"line":17,"column":0},"end":{"line":17,"column":56}},"25":{"start":{"line":19,"column":0},"end":{"line":19,"column":69}},"26":{"start":{"line":21,"column":0},"end":{"line":21,"column":58}},"27":{"start":{"line":23,"column":0},"end":{"line":23,"column":71}},"28":{"start":{"line":25,"column":0},"end":{"line":25,"column":52}},"29":{"start":{"line":27,"column":0},"end":{"line":27,"column":63}},"30":{"start":{"line":29,"column":0},"end":{"line":29,"column":58}},"31":{"start":{"line":31,"column":0},"end":{"line":31,"column":69}},"32":{"start":{"line":33,"column":0},"end":{"line":155,"column":5}},"33":{"start":{"line":34,"column":4},"end":{"line":66,"column":5}},"34":{"start":{"line":35,"column":8},"end":{"line":35,"column":106}},"35":{"start":{"line":37,"column":8},"end":{"line":37,"column":91}},"36":{"start":{"line":39,"column":8},"end":{"line":39,"column":96}},"37":{"start":{"line":40,"column":8},"end":{"line":40,"column":220}},"38":{"start":{"line":41,"column":8},"end":{"line":41,"column":90}},"39":{"start":{"line":42,"column":8},"end":{"line":42,"column":204}},"40":{"start":{"line":43,"column":8},"end":{"line":43,"column":94}},"41":{"start":{"line":44,"column":8},"end":{"line":44,"column":216}},"42":{"start":{"line":45,"column":8},"end":{"line":45,"column":88}},"43":{"start":{"line":46,"column":8},"end":{"line":46,"column":200}},"44":{"start":{"line":48,"column":8},"end":{"line":48,"column":46}},"45":{"start":{"line":50,"column":8},"end":{"line":52,"column":9}},"46":{"start":{"line":51,"column":12},"end":{"line":51,"column":84}},"47":{"start":{"line":53,"column":8},"end":{"line":53,"column":39}},"48":{"start":{"line":54,"column":8},"end":{"line":54,"column":97}},"49":{"start":{"line":55,"column":8},"end":{"line":55,"column":37}},"50":{"start":{"line":56,"column":8},"end":{"line":56,"column":41}},"51":{"start":{"line":57,"column":8},"end":{"line":57,"column":85}},"52":{"start":{"line":58,"column":8},"end":{"line":61,"column":11}},"53":{"start":{"line":62,"column":8},"end":{"line":65,"column":11}},"54":{"start":{"line":68,"column":4},"end":{"line":152,"column":8}},"55":{"start":{"line":71,"column":12},"end":{"line":71,"column":81}},"56":{"start":{"line":76,"column":12},"end":{"line":76,"column":82}},"57":{"start":{"line":81,"column":12},"end":{"line":81,"column":81}},"58":{"start":{"line":86,"column":12},"end":{"line":86,"column":81}},"59":{"start":{"line":91,"column":12},"end":{"line":91,"column":89}},"60":{"start":{"line":96,"column":12},"end":{"line":96,"column":41}},"61":{"start":{"line":101,"column":12},"end":{"line":101,"column":41}},"62":{"start":{"line":106,"column":12},"end":{"line":106,"column":46}},"63":{"start":{"line":111,"column":12},"end":{"line":111,"column":48}},"64":{"start":{"line":116,"column":12},"end":{"line":116,"column":57}},"65":{"star
[...]
t":{"line":94,"column":12},"end":{"line":94,"column":76}},"78":{"start":{"line":96,"column":12},"end":{"line":96,"column":75}},"79":{"start":{"line":97,"column":12},"end":{"line":97,"column":35}},"80":{"start":{"line":98,"column":12},"end":{"line":98,"column":70}},"81":{"start":{"line":99,"column":12},"end":{"line":99,"column":72}},"82":{"start":{"line":100,"column":12},"end":{"line":100,"column":72}},"83":{"start":{"line":101,"column":12},"end":{"line":101,"column":72}},"84":{"start":{"line":102,"column":12},"end":{"line":102,"column":72}},"85":{"start":{"line":103,"column":12},"end":{"line":103,"column":72}},"86":{"start":{"line":104,"column":12},"end":{"line":104,"column":72}},"87":{"start":{"line":105,"column":12},"end":{"line":105,"column":76}},"88":{"start":{"line":106,"column":12},"end":{"line":106,"column":74}},"89":{"start":{"line":108,"column":12},"end":{"line":108,"column":122}},"90":{"start":{"line":109,"column":12},"end":{"line":109,"column":128}},"91":{"start":{"line":110,"column":12},"end":{"line":110,"column":126}},"92":{"start":{"line":111,"column":12},"end":{"line":111,"column":63}},"93":{"start":{"line":112,"column":12},"end":{"line":112,"column":65}},"94":{"start":{"line":113,"column":12},"end":{"line":113,"column":60}},"95":{"start":{"line":115,"column":12},"end":{"line":115,"column":133}},"96":{"start":{"line":117,"column":12},"end":{"line":117,"column":69}},"97":{"start":{"line":118,"column":12},"end":{"line":118,"column":70}},"98":{"start":{"line":119,"column":12},"end":{"line":119,"column":81}},"99":{"start":{"line":120,"column":12},"end":{"line":120,"column":78}},"100":{"start":{"line":121,"column":12},"end":{"line":121,"column":79}},"101":{"start":{"line":122,"column":12},"end":{"line":122,"column":84}},"102":{"start":{"line":123,"column":12},"end":{"line":123,"column":83}},"103":{"start":{"line":125,"column":12},"end":{"line":125,"column":59}},"104":{"start":{"line":126,"column":12},"end":{"line":126,"column":56}},"105":{"start":{"line":128,"column":12},"end":{"line":128,"column":36}},"106":{"start":{"line":130,"column":12},"end":{"line":130,"column":40}},"107":{"start":{"line":134,"column":4},"end":{"line":134,"column":28}},"108":{"start":{"line":137,"column":0},"end":{"line":137,"column":38}},"109":{"start":{"line":138,"column":0},"end":{"line":138,"column":36}}},"branchMap":{"1":{"line":7,"type":"binary-expr","locations":[{"start":{"line":7,"column":169},"end":{"line":7,"column":190}},{"start":{"line":7,"column":194},"end":{"line":7,"column":199}}]},"2":{"line":7,"type":"if","locations":[{"start":{"line":7,"column":233},"end":{"line":7,"column":233}},{"start":{"line":7,"column":233},"end":{"line":7,"column":233}}]},"3":{"line":7,"type":"if","locations":[{"start":{"line":7,"column":408},"end":{"line":7,"column":408}},{"start":{"line":7,"column":408},"end":{"line":7,"column":408}}]},"4":{"line":7,"type":"if","locations":[{"start":{"line":7,"column":477},"end":{"line":7,"column":477}},{"start":{"line":7,"column":477},"end":{"line":7,"column":477}}]},"5":{"line":9,"type":"cond-expr","locations":[{"start":{"line":9,"column":70},"end":{"line":9,"column":73}},{"start":{"line":9,"column":76},"end":{"line":9,"column":94}}]},"6":{"line":9,"type":"binary-expr","locations":[{"start":{"line":9,"column":46},"end":{"line":9,"column":49}},{"start":{"line":9,"column":53},"end":{"line":9,"column":67}}]},"7":{"line":11,"type":"if","locations":[{"start":{"line":11,"column":50},"end":{"line":11,"column":50}},{"start":{"line":11,"column":50},"end":{"line":11,"column":50}}]},"8":{"line":84,"type":"binary-expr","locations":[{"start":{"line":84,"column":39},"end":{"line":84,"column":71}},{"start":{"line":84,"column":75},"end":{"line":84,"column":76}}]},"9":{"line":86,"type":"binary-expr","locations":[{"start":{"line":86,"column":39},"end":{"line":86,"column":66}},{"start":{"line":86,"column":70},"end":{"line":86,"column":71}}]},"10":{"line":87,"type":"binary-expr","locations":[{"start":{"line":87,"column":40},"end":{"line":87,"column":68}},{"start":{"line":87,"column":72},"end":{"line":87,"column":73}}]},"11":{"line":88,"type":"binary-expr","locations":[{"start":{"line":88,"column":40},"end":{"line":88,"column":68}},{"start":{"line":88,"column":72},"end":{"line":88,"column":73}}]},"12":{"line":89,"type":"binary-expr","locations":[{"start":{"line":89,"column":40},"end":{"line":89,"column":68}},{"start":{"line":89,"column":72},"end":{"line":89,"column":73}}]},"13":{"line":90,"type":"binary-expr","locations":[{"start":{"line":90,"column":40},"end":{"line":90,"column":68}},{"start":{"line":90,"column":72},"end":{"line":90,"column":73}}]},"14":{"line":91,"type":"binary-expr","locations":[{"start":{"line":91,"column":40},"end":{"line":91,"column":68}},{"start":{"line":91,"column":72},"end":{"line":91,"column":73}}]},"15":{"line":92,"type":"binary-expr","locations":[{"start":{"line":92,"column":40},"end":{"line":92,"column":68}},{"start":{"line":92,"column":72},"end":{"line":92,"column":73}}]},"16":{"line":93,"type":"binary-expr","locations":[{"start":{"line":93,"column":42},"end":{"line":93,"column":72}},{"start":{"line":93,"column":76},"end":{"line":93,"column":77}}]},"17":{"line":94,"type":"binary-expr","locations":[{"start":{"line":94,"column":41},"end":{"line":94,"column":70}},{"start":{"line":94,"column":74},"end":{"line":94,"column":75}}]},"18":{"line":96,"type":"binary-expr","locations":[{"start":{"line":96,"column":37},"end":{"line":96,"column":69}},{"start":{"line":96,"column":73},"end":{"line":96,"column":74}}]},"19":{"line":98,"type":"binary-expr","locations":[{"start":{"line":98,"column":37},"end":{"line":98,"column":64}},{"start":{"line":98,"column":68},"end":{"line":98,"column":69}}]},"20":{"line":99,"type":"binary-expr","locations":[{"start":{"line":99,"column":38},"end":{"line":99,"column":66}},{"start":{"line":99,"column":70},"end":{"line":99,"column":71}}]},"21":{"line":100,"type":"binary-expr","locations":[{"start":{"line":100,"column":38},"end":{"line":100,"column":66}},{"start":{"line":100,"column":70},"end":{"line":100,"column":71}}]},"22":{"line":101,"type":"binary-expr","locations":[{"start":{"line":101,"column":38},"end":{"line":101,"column":66}},{"start":{"line":101,"column":70},"end":{"line":101,"column":71}}]},"23":{"line":102,"type":"binary-expr","locations":[{"start":{"line":102,"column":38},"end":{"line":102,"column":66}},{"start":{"line":102,"column":70},"end":{"line":102,"column":71}}]},"24":{"line":103,"type":"binary-expr","locations":[{"start":{"line":103,"column":38},"end":{"line":103,"column":66}},{"start":{"line":103,"column":70},"end":{"line":103,"column":71}}]},"25":{"line":104,"type":"binary-expr","locations":[{"start":{"line":104,"column":38},"end":{"line":104,"column":66}},{"start":{"line":104,"column":70},"end":{"line":104,"column":71}}]},"26":{"line":105,"type":"binary-expr","locations":[{"start":{"line":105,"column":40},"end":{"line":105,"column":70}},{"start":{"line":105,"column":74},"end":{"line":105,"column":75}}]},"27":{"line":106,"type":"binary-expr","locations":[{"start":{"line":106,"column":39},"end":{"line":106,"column":68}},{"start":{"line":106,"column":72},"end":{"line":106,"column":73}}]}},"code":["\"use strict\";","","Object.defineProperty(exports, \"__esModule\", {","    value: true","});","","var _createClass = (function () { function defineProperties(target, props) { for (var i = 0; i < props.length; i++) { var descriptor = props[i]; descriptor.enumerable = descriptor.enumerable || false; descriptor.configurable = true; if (\"value\" in descriptor) descriptor.writable = true; Object.defineProperty(target, descriptor.key, descriptor); } } return function (Constructor, protoProps, staticProps) { if (protoProps) defineProperties(Constructor.prototype, protoProps); if (staticProps) defineProperties(Constructor, staticProps); return Constructor; }; })();","","function _interopRequireDefault(obj) { return obj && obj.__esModule ? obj : { \"default\": obj }; }","","function _classCallCheck(instance, Constructor) { if (!(instance instanceof Constructor)) { throw new TypeError(\"Cannot call a class as a function\"); } }","","var _metricsCommandMetrics = require(\"../metrics/CommandMetrics\");","","var _commandCircuitBreaker = require(\"../command/CircuitBreaker\");","","var _commandCircuitBreaker2 = _interopRequireDefault(_commandCircuitBreaker);","","var _rx = require(\"rx\");","","var _rx2 = _interopRequireDefault(_rx);","","var _utilActualTime = require(\"../util/ActualTime\");","","var _utilActualTime2 = _interopRequireDefault(_utilActualTime);","","var _metricsRollingNumberEvent = require(\"../metrics/RollingNumberEvent\");","","var _metricsRollingNumberEvent2 = _interopRequireDefault(_metricsRollingNumberEvent);","","var HystrixSSEStream = (function () {","    function HystrixSSEStream() {","        _classCallCheck(this, HystrixSSEStream);","    }","","    _createClass(HystrixSSEStream, null, [{","        key: \"toObservable\",","        value: function toObservable() {","            var observableMetrics = _rx2[\"default\"].Observable.interval(2000).flatMap(function () {","                return _rx2[\"default\"].Observable.from(_metricsCommandMetrics.Factory.getAllMetrics());","            }).map(function (metrics) {","                return HystrixSSEStream.toCommandJson(metrics);","            });","","            return observableMetrics;","        }","    }, {","        key: \"toCommandJson\",","        value: function toCommandJson(metrics) {","            var json = {};","            json.type = \"HystrixCommand\";","            json.name = metrics.commandKey;","            json.group = metrics.commandGroup;","            json.currentTime = _utilActualTime2[\"default\"].getCurrentTime();","","            var circuitBreaker = _commandCircuitBreaker2[\"default\"].getOrCreate({ commandKey: metrics.commandKey });","            json.isCircuitBreakerOpen = circuitBreaker.isOpen();","","            var _metrics$getHealthCounts = metrics.getHealthCounts();","","            var totalCount = _metrics$getHealthCounts.totalCount;","            var errorCount = _metrics$getHealthCounts.errorCount;","            var errorPercentage = _metrics$getHealthCounts.errorPercentage;","","            json.errorPercentage = errorPercentage;","            json.errorCount = errorCount;","            json.requestCount = totalCount;","","            json.rollingCountFailure = metrics.getRollingCount(_metricsRollingNumberEvent2[\"default\"].FAILURE);","            json.rollingCountTimeout = metrics.getRollingCount(_metricsRollingNumberEvent2[\"default\"].TIMEOUT);","            json.rollingCountSuccess = metrics.getRollingCount(_metricsRollingNumberEvent2[\"default\"].SUCCESS);","            json.rollingCountShortCircuited = metrics.getRollingCount(_metricsRollingNumberEvent2[\"default\"].SHORT_CIRCUITED);","            json.rollingCountBadRequests = json.rollingCountFailure;","            json.rollingCountCollapsedRequests = 0;","            json.rollingCountExceptionsThrown = 0;","            json.rollingCountFallbackFailure = 0;","            json.rollingCountFallbackRejection = 0;","            json.rollingCountFallbackSuccess = 0;","            json.rollingCountResponsesFromCache = 0;","            json.rollingCountSemaphoreRejected = 0;","            json.rollingCountThreadPoolRejected = 0;","            json.currentConcurrentExecutionCount = metrics.getCurrentExecutionCount();","","            json.latencyExecute_mean = metrics.getExecutionTime(\"mean\") || 0;","            json.latencyExecute = {};","            json.latencyExecute[\"0\"] = metrics.getExecutionTime(0) || 0;","            json.latencyExecute[\"25\"] = metrics.getExecutionTime(25) || 0;","            json.latencyExecute[\"50\"] = metrics.getExecutionTime(50) || 0;","            json.latencyExecute[\"75\"] = metrics.getExecutionTime(75) || 0;","            json.latencyExecute[\"90\"] = metrics.getExecutionTime(90) || 0;","            json.latencyExecute[\"95\"] = metrics.getExecutionTime(95) || 0;","            json.latencyExecute[\"99\"] = metrics.getExecutionTime(99) || 0;","            json.latencyExecute[\"99.5\"] = metrics.getExecutionTime(99.5) || 0;","            json.latencyExecute[\"100\"] = metrics.getExecutionTime(100) || 0;","","            json.latencyTotal_mean = metrics.getExecutionTime(\"mean\") || 0;","            json.latencyTotal = {};","            json.latencyTotal[\"0\"] = metrics.getExecutionTime(0) || 0;","            json.latencyTotal[\"25\"] = metrics.getExecutionTime(25) || 0;","            json.latencyTotal[\"50\"] = metrics.getExecutionTime(50) || 0;","            json.latencyTotal[\"75\"] = metrics.getExecutionTime(75) || 0;","            json.latencyTotal[\"90\"] = metrics.getExecutionTime(90) || 0;","            json.latencyTotal[\"95\"] = metrics.getExecutionTime(95) || 0;","            json.latencyTotal[\"99\"] = metrics.getExecutionTime(99) || 0;","            json.latencyTotal[\"99.5\"] = metrics.getExecutionTime(99.5) || 0;","            json.latencyTotal[\"100\"] = metrics.getExecutionTime(100) || 0;","","            json.propertyValue_circuitBreakerRequestVolumeThreshold = circuitBreaker.circuitBreakerRequestVolumeThreshold;","            json.propertyValue_circuitBreakerSleepWindowInMilliseconds = circuitBreaker.circuitBreakerSleepWindowInMilliseconds;","            json.propertyValue_circuitBreakerErrorThresholdPercentage = circuitBreaker.circuitBreakerErrorThresholdPercentage;","            json.propertyValue_circuitBreakerForceOpen = false;","            json.propertyValue_circuitBreakerForceClosed = false;","            json.propertyValue_circuitBreakerEnabled = true;","","            json.propertyValue_metricsRollingStatisticalWindowInMilliseconds = metrics.metricsRollingStatisticalWindowInMilliseconds;","","            json.propertyValue_executionIsolationStrategy = \"THREAD\";","            json.propertyValue_executionIsolationStrategy = 'unknown';","            json.propertyValue_executionIsolationThreadTimeoutInMilliseconds = 0;","            json.propertyValue_executionIsolationThreadInterruptOnTimeout = 0;","            json.propertyValue_executionIsolationThreadPoolKeyOverride = false;","            json.propertyValue_executionIsolationSemaphoreMaxConcurrentRequests = 0;","            json.propertyValue_fallbackIsolationSemaphoreMaxConcurrentRequests = 0;","","            json.propertyValue_requestCacheEnabled = false;","            json.propertyValue_requestLogEnabled = true;","","            json.reportingHosts = 1;","","            return JSON.stringify(json);","        }","    }]);","","    return HystrixSSEStream;","})();","","exports[\"default\"] = HystrixSSEStream;","module.exports = exports[\"default\"];"],"l":{"3":1,"7":2,"9":4,"11":1,"13":1,"15":1,"17":1,"19":1,"21":1,"23":1,"25":1,"27":1,"29":1,"31":1,"32":1,"33":0,"36":1,"39":0,"40":0,"42":0,"45":0,"50":0,"51":0,"52":0,"53":0,"54":0,"56":0,"57":0,"59":0,"61":0,"62":0,"63":0,"65":0,"66":0,"67":0,"69":0,"70":0,"71":0,"72":0,"73":0,"74":0,"75":0,"76":0,"77":0,"78":0,"79":0,"80":0,"81":0,"82":0,"84":0,"85":0,"86":0,"87":0,"88":0,"89":0,"90":0,"91":0,"92":0,"93":0,"94":0,"96":0,"97":0,"98":0,"99":0,"100":0,"101":0,"102":0,"103":0,"104":0,"105":0,"106":0,"108":0,"109":0,"110":0,"111":0,"112":0,"113":0,"115":0,"117":0,"118":0,"119":0,"120":0,"121":0,"122":0,"123":0,"125":0,"126":0,"128":0,"130":0,"134":1,"137":1,"138":1}},"/home/travis/build/npmtest/node-npmtest-hystrixjs/node_modules/hystrixjs/gulpfile.js":{"path":"/home/travis/build/npmtest/node-npmtest-hystrixjs/node_modules/hystrixjs/gulpfile.js","s":{"1":2,"2":0,"3":0,"4":0,"5":0,"6":0,"7":0,"8":0,"9":0,"10":0,"11":0,"12":0,"13":0,"14":0,"15":0,"16":0,"17":0,"18":0,"19":0,"20":0,"21":0,"22":0,"23":0,"24":0,"25":0,"26":0},"b":{},"f":{"1":0,"2":0,"3":0,"4":0,"5":0,"6":0},"fnMap":{"1":{"name":"(anonymous_1)","line":15,"loc":{"start":{"line":15,"column":19},"end":{"line":15,"column":33}}},"2":{"name":"(anonymous_2)","line":23,"loc":{"start":{"line":23,"column":18},"end":{"line":23,"column":30}}},"3":{"name":"(anonymous_3)","line":32,"loc":{"start":{"line":32,"column":19},"end":{"line":32,"column":30}}},"4":{"name":"(anonymous_4)","line":37,"loc":{"start":{"line":37,"column":18},"end":{"line":37,"column":30}}},"5":{"name":"(anonymous_5)","line":43,"loc":{"start":{"line":43,"column":27},"end":{"line":43,"column":39}}},"6":{"name":"(anonymous_6)","line":55,"loc":{"start":{"line":55,"column":26},"end":{"line":55,"column":42}}}},"statementMap":{"1":{"start":{"line":1,"column":0},"end":{"line":1,"column":27}},"2":{"start":{"line":2,"column":0},"end":{"line":2,"column":34}},"3":{"start":{"line":3,"column":0},"end":{"line":3,"column":38}},"4":{"start":{"line":4,"column":0},"end":{"line":4,"column":38}},"5":{"start":{"line":5,"column":0},"end":{"line":5,"column":32}},"6":{"start":{"line":6,"column":0},"end":{"line":6,"column":30}},"7":{"start":{"line":8,"column":0},"end":{"line":8,"column":27}},"8":{"start":{"line":10,"column":0},"end":{"line":13,"column":2}},"9":{"start":{"line":15,"column":0},"end":{"line":21,"column":3}},"10":{"start":{"line":16,"column":4},"end":{"line":19,"column":36}},"11":{"start":{"line":20,"column":4},"end":{"line":20,"column":9}},"12":{"start":{"line":23,"column":0},"end":{"line":30,"column":3}},"13":{"start":{"line":24,"column":4},"end":{"line":29,"column":6}},"14":{"start":{"line":32,"column":0},"end":{"line":35,"column":3}},"15":{"start":{"line":33,"column":4},"end":{"line":33,"column":37}},"16":{"start":{"line":34,"column":4},"end":{"line":34,"column":51}},"17":{"start":{"line":37,"column":0},"end":{"line":41,"column":3}},"18":{"start":{"line":38,"column":4},"end":{"line":40,"column":31}},"19":{"start":{"line":43,"column":0},"end":{"line":53,"column":3}},"20":{"start":{"line":44,"column":4},"end":{"line":44,"column":40}},"21":{"start":{"line":45,"column":4},"end":{"line":45,"column":30}},"22":{"start":{"line":46,"column":4},"end":{"line":46,"column":33}},"23":{"start":{"line":48,"column":4},"end":{"line":52,"column":31}},"24":{"start":{"line":55,"column":0},"end":{"line":58,"column":3}},"25":{"start":{"line":56,"column":4},"end":{"line":57,"column":27}},"26":{"start":{"line":60,"column":0},"end":{"line":60,"column":32}}},"branchMap":{},"code":["var gulp = require('gulp');","var babel = require('gulp-babel');","var plumber = require('gulp-plumber');","var jasmine = require('gulp-jasmine');","var bump = require('gulp-bump');","var git = require('gulp-git');","","var path = require('path');","","var paths = {","    es6: ['src/**/*.js'],","    es5: 'lib'","};","","gulp.task('babel', function (cb) {","    gulp.src(paths.es6)","        .pipe(plumber())","        .pipe(babel())","        .pipe(gulp.dest(paths.es5));","    cb();","});","","gulp.task('test', function () {","    return gulp.src('test/**/*.spec.js')","        .pipe(jasmine({","            verbose:true,","            includeStackTrace:true","        })","    );","});","","gulp.task('watch', function() {","    gulp.watch(paths.es6, ['babel']);","    gulp.watch(['test/**/*','lib/**/*'], ['test']);","});","","gulp.task('bump', function () {","    return gulp.src(['./package.json'])","        .pipe(bump())","        .pipe(gulp.dest('./'));","});","","gulp.task('tag', ['bump'], function () {","    var pkg = require('./package.json');","    var v = 'v' + pkg.version;","    var message = 'Release ' + v;","","    return gulp.src('./')","        .pipe(git.commit(message))","        .pipe(git.tag(v, message))","        .pipe(git.push('origin', 'master', '--tags'))","        .pipe(gulp.dest('./'));","});","","gulp.task('npm', ['tag'], function (done) {","    require('child_process').spawn('npm', ['publish'], { stdio: 'inherit' })","        .on('close', done);","});","","gulp.task('default', ['watch']);"],"l":{"1":2,"2":0,"3":0,"4":0,"5":0,"6":0,"8":0,"10":0,"15":0,"16":0,"20":0,"23":0,"24":0,"32":0,"33":0,"34":0,"37":0,"38":0,"43":0,"44":0,"45":0,"46":0,"48":0,"55":0,"56":0,"60":0}}}